============================= test session starts =============================
platform win32 -- Python 3.12.3, pytest-9.0.2, pluggy-1.6.0
rootdir: C:\Users\kaneko yu\Documents\jarvis-work\jarvis-ml-pipeline
configfile: pytest.ini (WARNING: ignoring pytest config in pyproject.toml!)
testpaths: tests
plugins: anyio-4.11.0, cov-7.0.0
collected 1110 items / 3 skipped

tests\e2e\test_e2e_offline.py .......s                                   [  0%]
tests\e2e\test_e2e_pipeline.py .....                                     [  1%]
tests\test_100_steps.py ............                                     [  2%]
tests\test_additional_integrations.py ......................             [  4%]
tests\test_agent_registry.py ..                                          [  4%]
tests\test_ai_features.py .....F...................                      [  6%]
tests\test_api_map_vs_capabilities.py E                                  [  6%]
tests\test_bibliography.py .........FF                                   [  7%]
tests\test_budget_policy.py ...........                                  [  8%]
tests\test_bundle_export.py .............                                [  9%]
tests\test_citation_relevance.py ......                                  [ 10%]
tests\test_claim.py ...........                                          [ 11%]
tests\test_claim_export.py ..........FFF                                 [ 12%]
tests\test_cli.py .                                                      [ 12%]
tests\test_dashboard_features.py ..............                          [ 13%]
tests\test_dashboard_ultimate.py .FFFF.FFFF...............               [ 16%]
tests\test_enforcement.py .............                                  [ 17%]
tests\test_evidence_qa_integration.py ..........                         [ 18%]
tests\test_evidence_store.py ........                                    [ 19%]
tests\test_execution_engine_retry.py ...                                 [ 19%]
tests\test_executor.py .                                                 [ 19%]
tests\test_external_integrations.py .............                        [ 20%]
tests\test_failure_signal_normalization.py ....                          [ 20%]
tests\test_features_300.py ............................................. [ 24%]
F....                                                                    [ 25%]
tests\test_front_adapter_contract.py F                                   [ 25%]
tests\test_golden_path.py FFF..........ss                                [ 26%]
tests\test_goldset_regression.py .                                       [ 26%]
tests\test_hitl_integration.py ...........                               [ 27%]
tests\test_hybrid_ranking.py .                                           [ 28%]
tests\test_idempotency_and_lock.py ..                                    [ 28%]
tests\test_index_incremental.py .                                        [ 28%]
tests\test_integrations.py ...........                                   [ 29%]
tests\test_intelligence.py ..........                                    [ 30%]
tests\test_kb_indexer.py .                                               [ 30%]
tests\test_llm_provider.py ..........                                    [ 31%]
tests\test_meta_typed_extraction.py ...............                      [ 32%]
tests\test_mobile_performance.py ...........................             [ 34%]
tests\test_obs_alerts.py .                                               [ 35%]
tests\test_obs_api.py F                                                  [ 35%]
tests\test_ops.py .............                                          [ 36%]
tests\test_ops_dashboard.py s                                            [ 36%]
tests\test_paper_vector.py ...................                           [ 38%]
tests\test_pdf_extractor.py ...F..........                               [ 39%]
tests\test_phase2.py ....                                                [ 39%]
tests\test_phase2_integration.py ...........                             [ 40%]
tests\test_phase_alpha_gamma.py ................................         [ 43%]
tests\test_phase_lambda.py ..............................                [ 46%]
tests\test_phase_omega.py .....................                          [ 48%]
tests\test_phase_psi.py ................................                 [ 51%]
tests\test_phase_sigma.py ..............................                 [ 53%]
tests\test_planner.py ..                                                 [ 53%]
tests\test_pretrain_citation_reconstruction.py ...........               [ 54%]
tests\test_pretrain_meta_core.py .......                                 [ 55%]
tests\test_pubmed_api.py ............                                    [ 56%]
tests\test_quality_gate.py ........                                      [ 57%]
tests\test_ranking.py .....                                              [ 57%]
tests\test_rate_limit.py .                                               [ 57%]
tests\test_reference.py ............FF                                   [ 59%]
tests\test_regression_runner_smoke.py ....                               [ 59%]
tests\test_reliability_security.py ...FF.....                            [ 60%]
tests\test_remediation_catalog.py .....                                  [ 60%]
tests\test_repair_loop_stops_correctly.py ...                            [ 61%]
tests\test_repair_planner_priority.py ....                               [ 61%]
tests\test_repair_policy_schema.py ........                              [ 62%]
tests\test_report_generation.py ................                         [ 63%]
tests\test_reproducibility.py ........                                   [ 64%]
tests\test_reproducibility_snapshot.py ...........                       [ 65%]
tests\test_research_os.py ...........                                    [ 66%]
tests\test_resolvers.py ...........                                      [ 67%]
tests\test_retriever.py .............                                    [ 68%]
tests\test_retry_policy.py ..                                            [ 68%]
tests\test_router_basic.py ..                                            [ 68%]
tests\test_rp24_27.py ..........                                         [ 69%]
tests\test_rp29_37.py .....................                              [ 71%]
tests\test_rp300_retrieval.py .........                                  [ 72%]
tests\test_rp305_extra.py .......                                        [ 73%]
tests\test_rp320_kg.py ..                                                [ 73%]
tests\test_rp355_llm.py ..                                               [ 73%]
tests\test_rp370_eval.py ...                                             [ 73%]
tests\test_rp400_scale.py ......                                         [ 74%]
tests\test_rp500_infra.py ..........                                     [ 75%]
tests\test_rp510_deploy.py .......................                       [ 77%]
tests\test_rp520_cloud.py ................                               [ 78%]
tests\test_rp533_integrations.py ......................                  [ 80%]
tests\test_run_jarvis_integration.py F.FF..                              [ 81%]
tests\test_scheduler_engine.py .                                         [ 81%]
tests\test_scientific_validity.py ............                           [ 82%]
tests\test_search_v2_contract.py F                                       [ 82%]
tests\test_smoke_schedules_api.py .                                      [ 82%]
tests\test_sources.py ............                                       [ 83%]
tests\test_spec_lint.py .......                                          [ 84%]
tests\test_task_model.py .....                                           [ 84%]
tests\test_telemetry_contract_v2.py FFF.                                 [ 85%]
tests\test_telemetry_required.py ...                                     [ 85%]
tests\test_telemetry_smoke.py .......                                    [ 86%]
tests\test_trick_sets.py ......sss                                       [ 86%]
tests\test_v41_sprint1.py ...................                            [ 88%]
tests\test_v42_sprint23.py ..................                            [ 90%]
tests\test_v4_integration.py .........................                   [ 92%]
tests\test_v4_roads.py ......................                            [ 94%]
tests\test_validation.py ....                                            [ 94%]
tests\test_vector_index.py .............                                 [ 95%]
tests\test_visualization.py ...............                              [ 97%]
tests\test_web_fetcher.py .................                              [ 98%]
tests\test_weekly_pack.py .                                              [ 98%]
tests\test_workflow.py ............                                      [100%]

=================================== ERRORS ====================================
_______________ ERROR at setup of test_api_map_vs_capabilities ________________
E   AttributeError: 'FastAPI' object has no attribute 'app'
================================== FAILURES ===================================
E   AssertionError: assert 'learning' == 'machine'
      
      - machine
      + learning
C:\Users\kaneko yu\Documents\jarvis-work\jarvis-ml-pipeline\tests\test_ai_features.py:69: AssertionError: assert 'learning' == 'machine'
E   AssertionError: assert False
     +  where False = exists()
     +    where exists = WindowsPath('C:/Users/Public/Documents/Wondershare/CreatorTemp/tmpaso0z8x7/references.bib').exists
C:\Users\kaneko yu\Documents\jarvis-work\jarvis-ml-pipeline\tests\test_bibliography.py:160: AssertionError: assert False
E   AssertionError: assert False
     +  where False = exists()
     +    where exists = WindowsPath('C:/Users/Public/Documents/Wondershare/CreatorTemp/tmpozb0l18c/references.ris').exists
C:\Users\kaneko yu\Documents\jarvis-work\jarvis-ml-pipeline\tests\test_bibliography.py:189: AssertionError: assert False
E   AssertionError: assert False
     +  where False = exists()
     +    where exists = WindowsPath('C:/Users/Public/Documents/Wondershare/CreatorTemp/tmp56bn82xe/claims.md').exists
C:\Users\kaneko yu\Documents\jarvis-work\jarvis-ml-pipeline\tests\test_claim_export.py:185: AssertionError: assert False
E   AssertionError: assert False
     +  where False = exists()
     +    where exists = WindowsPath('C:/Users/Public/Documents/Wondershare/CreatorTemp/tmpdbaszc9_/claims.json').exists
C:\Users\kaneko yu\Documents\jarvis-work\jarvis-ml-pipeline\tests\test_claim_export.py:213: AssertionError: assert False
E   AssertionError: assert False
     +  where False = exists()
     +    where exists = WindowsPath('C:/Users/Public/Documents/Wondershare/CreatorTemp/tmpc9t3alji/slides_outline.txt').exists
C:\Users\kaneko yu\Documents\jarvis-work\jarvis-ml-pipeline\tests\test_claim_export.py:245: AssertionError: assert False
E   assert ('--glass' in '<!DOCTYPE html>\n<html lang="ja">\n\n<head>\n    <meta charset="UTF-8">\n    <meta name="viewport" content="width=dev...       checkLocalServer(); // Check if local server is running\n        loadRuns();\n    </script>\n</body>\n\n</html>' or 'backdrop-filter' in '<!DOCTYPE html>\n<html lang="ja">\n\n<head>\n    <meta charset="UTF-8">\n    <meta name="viewport" content="width=dev...       checkLocalServer(); // Check if local server is running\n        loadRuns();\n    </script>\n</body>\n\n</html>')
C:\Users\kaneko yu\Documents\jarvis-work\jarvis-ml-pipeline\tests\test_dashboard_ultimate.py:28: assert ('--glass' in '<!DOCTYPE html>\n<html lang="ja">\n\n<head>\n    <meta charset="UTF-8">\n    <meta name="viewport" content="width=dev...       checkLocalServer(); // Check if local server is running\n        loadRuns();\n    </script>\n</body>\n\n</html>' or 'backdrop-filter' in '<!DOCTYPE html>\n<html lang="ja">\n\n<head>\n    <meta charset="UTF-8">\n    <meta name="viewport" content="width=dev...       checkLocalServer(); // Check if local server is running\n        loadRuns();\n    </script>\n</body>\n\n</html>')
E   assert ('chart.js' in '<!doctype html>\n<html lang="ja">\n\n<head>\n    <meta charset="utf-8">\n    <meta name="viewport" content="width=dev...       checklocalserver(); // check if local server is running\n        loadruns();\n    </script>\n</body>\n\n</html>' or 'Chart' in '<!DOCTYPE html>\n<html lang="ja">\n\n<head>\n    <meta charset="UTF-8">\n    <meta name="viewport" content="width=dev...       checkLocalServer(); // Check if local server is running\n        loadRuns();\n    </script>\n</body>\n\n</html>')
     +  where '<!doctype html>\n<html lang="ja">\n\n<head>\n    <meta charset="utf-8">\n    <meta name="viewport" content="width=dev...       checklocalserver(); // check if local server is running\n        loadruns();\n    </script>\n</body>\n\n</html>' = <built-in method lower of str object at 0x000001F7546F5F30>()
     +    where <built-in method lower of str object at 0x000001F7546F5F30> = '<!DOCTYPE html>\n<html lang="ja">\n\n<head>\n    <meta charset="UTF-8">\n    <meta name="viewport" content="width=dev...       checkLocalServer(); // Check if local server is running\n        loadRuns();\n    </script>\n</body>\n\n</html>'.lower
C:\Users\kaneko yu\Documents\jarvis-work\jarvis-ml-pipeline\tests\test_dashboard_ultimate.py:35: assert ('chart.js' in '<!doctype html>\n<html lang="ja">\n\n<head>\n    <meta charset="utf-8">\n    <meta name="viewport" content="width=dev...       checklocalserver(); // check if local server is running\n        loadruns();\n    </script>\n</body>\n\n</html>' or 'Chart' in '<!DOCTYPE html>\n<html lang="ja">\n\n<head>\n    <meta charset="UTF-8">\n    <meta name="viewport" content="width=dev...       checkLocalServer(); // Check if local server is running\n        loadRuns();\n    </script>\n</body>\n\n</html>')
E   assert 'runSearch' in '<!DOCTYPE html>\n<html lang="ja">\n\n<head>\n    <meta charset="UTF-8">\n    <meta name="viewport" content="width=dev...       checkLocalServer(); // Check if local server is running\n        loadRuns();\n    </script>\n</body>\n\n</html>'
C:\Users\kaneko yu\Documents\jarvis-work\jarvis-ml-pipeline\tests\test_dashboard_ultimate.py:41: assert 'runSearch' in '<!DOCTYPE html>\n<html lang="ja">\n\n<head>\n    <meta charset="UTF-8">\n    <meta name="viewport" content="width=dev...       checkLocalServer(); // Check if local server is running\n        loadRuns();\n    </script>\n</body>\n\n</html>'
E   assert 'Ctrl' in '<!DOCTYPE html>\n<html lang="ja">\n\n<head>\n    <meta charset="UTF-8">\n    <meta name="viewport" content="width=dev...       checkLocalServer(); // Check if local server is running\n        loadRuns();\n    </script>\n</body>\n\n</html>'
C:\Users\kaneko yu\Documents\jarvis-work\jarvis-ml-pipeline\tests\test_dashboard_ultimate.py:48: assert 'Ctrl' in '<!DOCTYPE html>\n<html lang="ja">\n\n<head>\n    <meta charset="UTF-8">\n    <meta name="viewport" content="width=dev...       checkLocalServer(); // Check if local server is running\n        loadRuns();\n    </script>\n</body>\n\n</html>'
E   assert ('toggleTheme' in '<!DOCTYPE html>\n<html lang="ja">\n\n<head>\n    <meta charset="UTF-8">\n    <meta name="viewport" content="width=dev...       checkLocalServer(); // Check if local server is running\n        loadRuns();\n    </script>\n</body>\n\n</html>' or 'theme' in '<!doctype html>\n<html lang="ja">\n\n<head>\n    <meta charset="utf-8">\n    <meta name="viewport" content="width=dev...       checklocalserver(); // check if local server is running\n        loadruns();\n    </script>\n</body>\n\n</html>')
     +  where '<!doctype html>\n<html lang="ja">\n\n<head>\n    <meta charset="utf-8">\n    <meta name="viewport" content="width=dev...       checklocalserver(); // check if local server is running\n        loadruns();\n    </script>\n</body>\n\n</html>' = <built-in method lower of str object at 0x000001F7546F5F30>()
     +    where <built-in method lower of str object at 0x000001F7546F5F30> = '<!DOCTYPE html>\n<html lang="ja">\n\n<head>\n    <meta charset="UTF-8">\n    <meta name="viewport" content="width=dev...       checkLocalServer(); // Check if local server is running\n        loadRuns();\n    </script>\n</body>\n\n</html>'.lower
C:\Users\kaneko yu\Documents\jarvis-work\jarvis-ml-pipeline\tests\test_dashboard_ultimate.py:61: assert ('toggleTheme' in '<!DOCTYPE html>\n<html lang="ja">\n\n<head>\n    <meta charset="UTF-8">\n    <meta name="viewport" content="width=dev...       checkLocalServer(); // Check if local server is running\n        loadRuns();\n    </script>\n</body>\n\n</html>' or 'theme' in '<!doctype html>\n<html lang="ja">\n\n<head>\n    <meta charset="utf-8">\n    <meta name="viewport" content="width=dev...       checklocalserver(); // check if local server is running\n        loadruns();\n    </script>\n</body>\n\n</html>')
E   assert 'Chat' in '<!DOCTYPE html>\n<html lang="ja">\n\n<head>\n    <meta charset="UTF-8">\n    <meta name="viewport" content="width=dev...       checkLocalServer(); // Check if local server is running\n        loadRuns();\n    </script>\n</body>\n\n</html>'
C:\Users\kaneko yu\Documents\jarvis-work\jarvis-ml-pipeline\tests\test_dashboard_ultimate.py:70: assert 'Chat' in '<!DOCTYPE html>\n<html lang="ja">\n\n<head>\n    <meta charset="UTF-8">\n    <meta name="viewport" content="width=dev...       checkLocalServer(); // Check if local server is running\n        loadRuns();\n    </script>\n</body>\n\n</html>'
E   assert '384' in '<!DOCTYPE html>\n<html lang="ja">\n\n<head>\n    <meta charset="UTF-8">\n    <meta name="viewport" content="width=dev...       checkLocalServer(); // Check if local server is running\n        loadRuns();\n    </script>\n</body>\n\n</html>'
C:\Users\kaneko yu\Documents\jarvis-work\jarvis-ml-pipeline\tests\test_dashboard_ultimate.py:76: assert '384' in '<!DOCTYPE html>\n<html lang="ja">\n\n<head>\n    <meta charset="UTF-8">\n    <meta name="viewport" content="width=dev...       checkLocalServer(); // Check if local server is running\n        loadRuns();\n    </script>\n</body>\n\n</html>'
E   assert 'Health' in '<!DOCTYPE html>\n<html lang="ja">\n\n<head>\n    <meta charset="UTF-8">\n    <meta name="viewport" content="width=dev...       checkLocalServer(); // Check if local server is running\n        loadRuns();\n    </script>\n</body>\n\n</html>'
C:\Users\kaneko yu\Documents\jarvis-work\jarvis-ml-pipeline\tests\test_dashboard_ultimate.py:83: assert 'Health' in '<!DOCTYPE html>\n<html lang="ja">\n\n<head>\n    <meta charset="UTF-8">\n    <meta name="viewport" content="width=dev...       checkLocalServer(); // Check if local server is running\n        loadRuns();\n    </script>\n</body>\n\n</html>'
E   TypeError: ord() expected string of length 1, but int found
C:\Users\kaneko yu\Documents\jarvis-work\jarvis-ml-pipeline\jarvis_core\advanced\features.py:700: TypeError: ord() expected string of length 1, but int found
E   json.decoder.JSONDecodeError: Expecting property name enclosed in double quotes: line 2 column 5 (char 6)
C:\Users\kaneko yu\AppData\Local\Programs\Python\Python312\Lib\json\decoder.py:353: json.decoder.JSONDecodeError: Expecting property name enclosed in double quotes: line 2 column 5 (char 6)
E   AssertionError: assert 10 == 4
     +  where 10 = len(['input.json', 'run_config.json', 'papers.jsonl', 'claims.jsonl', 'evidence.jsonl', 'scores.json', ...])
     +    where ['input.json', 'run_config.json', 'papers.jsonl', 'claims.jsonl', 'evidence.jsonl', 'scores.json', ...] = RunStore.REQUIRED_ARTIFACTS
C:\Users\kaneko yu\Documents\jarvis-work\jarvis-ml-pipeline\tests\test_golden_path.py:26: AssertionError: assert 10 == 4
E   AssertionError: assert ['input.json'...s.jsonl', ...] == []
      
      Left contains 7 more items, first extra item: 'input.json'
      Use -v to get more diff
C:\Users\kaneko yu\Documents\jarvis-work\jarvis-ml-pipeline\tests\test_golden_path.py:44: AssertionError: assert ['input.json'...s.jsonl', ...] == []
E   AssertionError: assert 9 == 3
     +  where 9 = len(['input.json', 'run_config.json', 'papers.jsonl', 'claims.jsonl', 'evidence.jsonl', 'scores.json', ...])
C:\Users\kaneko yu\Documents\jarvis-work\jarvis-ml-pipeline\tests\test_golden_path.py:55: AssertionError: assert 9 == 3
E   AttributeError: 'FastAPI' object has no attribute 'app'
C:\Users\kaneko yu\Documents\jarvis-work\jarvis-ml-pipeline\tests\test_obs_api.py:10: AttributeError: 'FastAPI' object has no attribute 'app'
E   AssertionError: assert 'Page 1' in 'Sample PDF for Testing\nMachine learning is a field of artificial intelligence.\nThis document is for testing PDF extraction.'
C:\Users\kaneko yu\Documents\jarvis-work\jarvis-ml-pipeline\tests\test_pdf_extractor.py:53: AssertionError: assert 'Page 1' in 'Sample PDF for Testing\nMachine learning is a field of artificial intelligence.\nThis document is for testing PDF extraction.'
E   AssertionError: assert False
     +  where False = exists()
     +    where exists = WindowsPath('C:/Users/Public/Documents/Wondershare/CreatorTemp/tmphy73yhcs/references.md').exists
C:\Users\kaneko yu\Documents\jarvis-work\jarvis-ml-pipeline\tests\test_reference.py:208: AssertionError: assert False
E   AssertionError: assert 'references' in {'answer': 'Answer', 'chunks_used': ['aa97c6ed-4094-4e94-8c24-1e5e04cb150f'], 'citations': [{'chunk_id': 'aa97c6ed-4094-4e94-8c24-1e5e04cb150f', 'locator': 'pdf:test.pdf#page:5', 'quote': '', 'source': 'pdf'}], 'inputs': [], ...}
C:\Users\kaneko yu\Documents\jarvis-work\jarvis-ml-pipeline\tests\test_reference.py:240: AssertionError: assert 'references' in {'answer': 'Answer', 'chunks_used': ['aa97c6ed-4094-4e94-8c24-1e5e04cb150f'], 'citations': [{'chunk_id': 'aa97c6ed-4094-4e94-8c24-1e5e04cb150f', 'locator': 'pdf:test.pdf#page:5', 'quote': '', 'source': 'pdf'}], 'inputs': [], ...}
E   TypeError: DriftDetector.__init__() got an unexpected keyword argument 'metrics_path'
C:\Users\kaneko yu\Documents\jarvis-work\jarvis-ml-pipeline\tests\test_reliability_security.py:76: TypeError: DriftDetector.__init__() got an unexpected keyword argument 'metrics_path'
E   TypeError: DriftDetector.__init__() got an unexpected keyword argument 'metrics_path'
C:\Users\kaneko yu\Documents\jarvis-work\jarvis-ml-pipeline\tests\test_reliability_security.py:89: TypeError: DriftDetector.__init__() got an unexpected keyword argument 'metrics_path'
E   AssertionError: Expected 'run_and_get_answer' to have been called once. Called 0 times.
C:\Users\kaneko yu\AppData\Local\Programs\Python\Python312\Lib\unittest\mock.py:923: AssertionError: Expected 'run_and_get_answer' to have been called once. Called 0 times.
E   assert None is not None
C:\Users\kaneko yu\Documents\jarvis-work\jarvis-ml-pipeline\tests\test_run_jarvis_integration.py:110: assert None is not None
E   assert None is not None
C:\Users\kaneko yu\Documents\jarvis-work\jarvis-ml-pipeline\tests\test_run_jarvis_integration.py:133: assert None is not None
E   AttributeError: 'FastAPI' object has no attribute '__spec__'. Did you mean: '__doc__'?

During handling of the above exception, another exception occurred:
E   AttributeError: 'FastAPI' object has no attribute '__name__'. Did you mean: '__ne__'?

During handling of the above exception, another exception occurred:
E   TypeError: reload() argument must be a module
C:\Users\kaneko yu\AppData\Local\Programs\Python\Python312\Lib\importlib\__init__.py:108: TypeError: reload() argument must be a module
E   TypeError: TelemetryEvent.__init__() got an unexpected keyword argument 'status'
C:\Users\kaneko yu\Documents\jarvis-work\jarvis-ml-pipeline\jarvis_core\telemetry\schema.py:94: TypeError: TelemetryEvent.__init__() got an unexpected keyword argument 'status'
E   TypeError: TelemetryEvent.__init__() got an unexpected keyword argument 'error_type'
C:\Users\kaneko yu\Documents\jarvis-work\jarvis-ml-pipeline\jarvis_core\telemetry\schema.py:94: TypeError: TelemetryEvent.__init__() got an unexpected keyword argument 'error_type'
E   AssertionError: Missing timestamp
    assert 'timestamp' in {'event': 'STEP_START', 'event_type': 'step', 'level': 'INFO', 'payload': {}, ...}
C:\Users\kaneko yu\Documents\jarvis-work\jarvis-ml-pipeline\tests\test_telemetry_contract_v2.py:113: AssertionError: Missing timestamp
============================== warnings summary ===============================
jarvis_core\scheduler\schema.py:20
  C:\Users\kaneko yu\Documents\jarvis-work\jarvis-ml-pipeline\jarvis_core\scheduler\schema.py:20: PydanticDeprecatedSince20: Pydantic V1 style `@validator` validators are deprecated. You should migrate to Pydantic V2 style `@field_validator` validators, see the migration guide for more details. Deprecated in Pydantic V2.0 to be removed in V3.0. See Pydantic V2 Migration Guide at https://errors.pydantic.dev/2.12/migration/
    @validator("oa_policy")

tests/e2e/test_e2e_pipeline.py::TestE2EPipeline::test_e2e_executor_can_be_created
  C:\Users\kaneko yu\Documents\jarvis-work\jarvis-ml-pipeline\jarvis_core\supervisor\lyra.py:158: DeprecationWarning: datetime.datetime.utcnow() is deprecated and scheduled for removal in a future version. Use timezone-aware objects to represent datetimes in UTC: datetime.datetime.now(datetime.UTC).
    now = datetime.utcnow().isoformat()

tests/e2e/test_e2e_pipeline.py: 1 warning
tests/test_pretrain_citation_reconstruction.py: 9 warnings
tests/test_pretrain_meta_core.py: 5 warnings
  C:\Users\kaneko yu\Documents\jarvis-work\jarvis-ml-pipeline\jarvis_core\contracts\types.py:87: DeprecationWarning: datetime.datetime.utcnow() is deprecated and scheduled for removal in a future version. Use timezone-aware objects to represent datetimes in UTC: datetime.datetime.now(datetime.UTC).
    timestamp: str = field(default_factory=lambda: datetime.utcnow().isoformat())

tests/e2e/test_e2e_pipeline.py::TestE2EPipeline::test_e2e_pipeline_runs_with_mock_data
tests/e2e/test_e2e_pipeline.py::TestE2EPipeline::test_e2e_pipeline_runs_with_mock_data
tests/e2e/test_e2e_pipeline.py::TestE2EPipeline::test_e2e_pipeline_runs_with_mock_data
tests/e2e/test_e2e_pipeline.py::TestE2EPipeline::test_e2e_pipeline_runs_with_mock_data
tests/e2e/test_e2e_pipeline.py::TestE2EPipeline::test_e2e_pipeline_runs_with_mock_data
  C:\Users\kaneko yu\Documents\jarvis-work\jarvis-ml-pipeline\jarvis_core\contracts\types.py:324: DeprecationWarning: datetime.datetime.utcnow() is deprecated and scheduled for removal in a future version. Use timezone-aware objects to represent datetimes in UTC: datetime.datetime.now(datetime.UTC).
    self.logs.append(f"[{datetime.utcnow().isoformat()}] {message}")

tests/e2e/test_e2e_pipeline.py::TestE2EPipeline::test_e2e_pipeline_runs_with_mock_data
tests/e2e/test_e2e_pipeline.py::TestE2EPipeline::test_e2e_pipeline_runs_with_mock_data
tests/e2e/test_e2e_pipeline.py::TestE2EPipeline::test_e2e_pipeline_runs_with_mock_data
tests/e2e/test_e2e_pipeline.py::TestE2EPipeline::test_e2e_pipeline_runs_with_mock_data
tests/e2e/test_e2e_pipeline.py::TestE2EPipeline::test_e2e_pipeline_runs_with_mock_data
  C:\Users\kaneko yu\Documents\jarvis-work\jarvis-ml-pipeline\jarvis_core\supervisor\lyra.py:166: DeprecationWarning: datetime.datetime.utcnow() is deprecated and scheduled for removal in a future version. Use timezone-aware objects to represent datetimes in UTC: datetime.datetime.now(datetime.UTC).
    timestamp=datetime.utcnow().isoformat(),

tests/e2e/test_e2e_pipeline.py::TestE2EPipeline::test_e2e_pipeline_runs_with_mock_data
  C:\Users\kaneko yu\Documents\jarvis-work\jarvis-ml-pipeline\jarvis_core\supervisor\lyra.py:563: DeprecationWarning: datetime.datetime.utcnow() is deprecated and scheduled for removal in a future version. Use timezone-aware objects to represent datetimes in UTC: datetime.datetime.now(datetime.UTC).
    task_id = f"task-{self.run_id}-{datetime.utcnow().strftime('%H%M%S')}"

tests/e2e/test_e2e_pipeline.py::TestE2EPipeline::test_e2e_pipeline_runs_with_mock_data
  C:\Users\kaneko yu\Documents\jarvis-work\jarvis-ml-pipeline\jarvis_core\ops\audit.py:48: DeprecationWarning: datetime.datetime.utcnow() is deprecated and scheduled for removal in a future version. Use timezone-aware objects to represent datetimes in UTC: datetime.datetime.now(datetime.UTC).
    self.run_id = datetime.utcnow().strftime("%Y%m%d_%H%M%S")

tests/e2e/test_e2e_pipeline.py: 9 warnings
tests/test_pretrain_citation_reconstruction.py: 9 warnings
tests/test_pretrain_meta_core.py: 5 warnings
  C:\Users\kaneko yu\Documents\jarvis-work\jarvis-ml-pipeline\jarvis_core\ops\audit.py:57: DeprecationWarning: datetime.datetime.utcnow() is deprecated and scheduled for removal in a future version. Use timezone-aware objects to represent datetimes in UTC: datetime.datetime.now(datetime.UTC).
    timestamp=datetime.utcnow().isoformat(),

tests/test_ops.py::TestRateLimiter::test_retry_delay_exponential
  C:\Users\kaneko yu\Documents\jarvis-work\jarvis-ml-pipeline\jarvis_core\ops\rate_limiter.py:84: DeprecationWarning: There is no current event loop
    self._lock = asyncio.Lock() if asyncio.get_event_loop().is_running() else None

tests/test_regression_runner_smoke.py::TestRegressionRunnerSmoke::test_compute_summary
  C:\Users\kaneko yu\Documents\jarvis-work\jarvis-ml-pipeline\scripts\run_regression.py:78: DeprecationWarning: datetime.datetime.utcnow() is deprecated and scheduled for removal in a future version. Use timezone-aware objects to represent datetimes in UTC: datetime.datetime.now(datetime.UTC).
    "timestamp": datetime.utcnow().isoformat() + "Z",

tests/test_rp305_extra.py::TestDashboardAPI::test_get_stats
  C:\Users\kaneko yu\Documents\jarvis-work\jarvis-ml-pipeline\jarvis_web\dashboard.py:85: DeprecationWarning: datetime.datetime.utcnow() is deprecated and scheduled for removal in a future version. Use timezone-aware objects to represent datetimes in UTC: datetime.datetime.now(datetime.UTC).
    last_updated=datetime.utcnow().isoformat() + "Z",

tests/test_rp305_extra.py::TestObservability::test_logger
tests/test_rp305_extra.py::TestObservability::test_logger
  C:\Users\kaneko yu\Documents\jarvis-work\jarvis-ml-pipeline\jarvis_core\observability\stack.py:305: DeprecationWarning: datetime.datetime.utcnow() is deprecated and scheduled for removal in a future version. Use timezone-aware objects to represent datetimes in UTC: datetime.datetime.now(datetime.UTC).
    "timestamp": datetime.utcnow().isoformat() + "Z",

tests/test_rp370_eval.py::TestABTesting::test_create_experiment
tests/test_rp370_eval.py::TestABTesting::test_deterministic_assignment
  C:\Users\kaneko yu\Documents\jarvis-work\jarvis-ml-pipeline\jarvis_core\eval\ab_testing.py:89: DeprecationWarning: datetime.datetime.utcnow() is deprecated and scheduled for removal in a future version. Use timezone-aware objects to represent datetimes in UTC: datetime.datetime.now(datetime.UTC).
    start_date=datetime.utcnow().isoformat() + "Z",

tests/test_rp500_infra.py::TestHealthCheck::test_liveness
  C:\Users\kaneko yu\Documents\jarvis-work\jarvis-ml-pipeline\jarvis_core\reliability\health.py:100: DeprecationWarning: datetime.datetime.utcnow() is deprecated and scheduled for removal in a future version. Use timezone-aware objects to represent datetimes in UTC: datetime.datetime.now(datetime.UTC).
    timestamp=datetime.utcnow().isoformat() + "Z",

tests/test_rp500_infra.py::TestHealthCheck::test_readiness_with_checks
  C:\Users\kaneko yu\Documents\jarvis-work\jarvis-ml-pipeline\jarvis_core\reliability\health.py:140: DeprecationWarning: datetime.datetime.utcnow() is deprecated and scheduled for removal in a future version. Use timezone-aware objects to represent datetimes in UTC: datetime.datetime.now(datetime.UTC).
    timestamp=datetime.utcnow().isoformat() + "Z",

tests/test_smoke_schedules_api.py::test_schedules_api_smoke
  C:\Users\kaneko yu\Documents\jarvis-work\jarvis-ml-pipeline\jarvis_core\scheduler\schema.py:108: PydanticDeprecatedSince20: The `dict` method is deprecated; use `model_dump` instead. Deprecated in Pydantic V2.0 to be removed in V3.0. See Pydantic V2 Migration Guide at https://errors.pydantic.dev/2.12/migration/
    return model.dict()

-- Docs: https://docs.pytest.org/en/stable/how-to/capture-warnings.html
=========================== short test summary info ===========================
FAILED tests/test_ai_features.py::TestKeywordExtractor::test_extract_keywords
FAILED tests/test_bibliography.py::TestBundleBibliography::test_bundle_includes_bib
FAILED tests/test_bibliography.py::TestBundleBibliography::test_bundle_includes_ris
FAILED tests/test_claim_export.py::TestBundleClaimsExport::test_bundle_includes_claims_md
FAILED tests/test_claim_export.py::TestBundleClaimsExport::test_bundle_includes_claims_json
FAILED tests/test_claim_export.py::TestBundleClaimsExport::test_bundle_includes_slides_outline
FAILED tests/test_dashboard_ultimate.py::TestDashboardHTML::test_has_glassmorphism_css
FAILED tests/test_dashboard_ultimate.py::TestDashboardHTML::test_has_chart_js
FAILED tests/test_dashboard_ultimate.py::TestDashboardHTML::test_has_search_functionality
FAILED tests/test_dashboard_ultimate.py::TestDashboardHTML::test_has_keyboard_shortcuts
FAILED tests/test_dashboard_ultimate.py::TestDashboardHTML::test_has_theme_toggle
FAILED tests/test_dashboard_ultimate.py::TestDashboardHTML::test_has_tabs - a...
FAILED tests/test_dashboard_ultimate.py::TestDashboardHTML::test_has_stats_section
FAILED tests/test_dashboard_ultimate.py::TestDashboardHTML::test_has_health_section
FAILED tests/test_features_300.py::TestSecurityCompliance::test_encryption - ...
FAILED tests/test_front_adapter_contract.py::test_adapter_manifest_matches_api_map
FAILED tests/test_golden_path.py::TestArtifactContract::test_required_artifacts_defined
FAILED tests/test_golden_path.py::TestArtifactContract::test_validate_contract_all_present
FAILED tests/test_golden_path.py::TestArtifactContract::test_validate_contract_missing_files
FAILED tests/test_obs_api.py::test_obs_health_and_metrics_summary - Attribute...
FAILED tests/test_pdf_extractor.py::TestExtractPdfPages::test_pages_contain_text
FAILED tests/test_reference.py::TestBundleReferences::test_bundle_includes_references_md
FAILED tests/test_reference.py::TestBundleReferences::test_bundle_json_includes_references
FAILED tests/test_reliability_security.py::TestDriftDetector::test_check_drift_no_alert
FAILED tests/test_reliability_security.py::TestDriftDetector::test_check_drift_alert
FAILED tests/test_run_jarvis_integration.py::test_run_jarvis_uses_execution_engine
FAILED tests/test_run_jarvis_integration.py::test_run_jarvis_with_category - ...
FAILED tests/test_run_jarvis_integration.py::test_run_jarvis_with_invalid_category_defaults_to_generic
FAILED tests/test_search_v2_contract.py::test_search_v2_contract - TypeError:...
FAILED tests/test_telemetry_contract_v2.py::TestTelemetryContractV2::test_run_events_order
FAILED tests/test_telemetry_contract_v2.py::TestTelemetryContractV2::test_run_error_logged_on_exception
FAILED tests/test_telemetry_contract_v2.py::TestTelemetryContractV2::test_required_fields_present
ERROR tests/test_api_map_vs_capabilities.py::test_api_map_vs_capabilities - A...
===== 32 failed, 1070 passed, 10 skipped, 62 warnings, 1 error in 19.36s ======
