============================= test session starts =============================
platform win32 -- Python 3.12.3, pytest-9.0.2, pluggy-1.6.0 -- C:\Users\kaneko yu\AppData\Local\Programs\Python\Python312\python.exe
cachedir: .pytest_cache
rootdir: C:\Users\kaneko yu\Documents\jarvis-work\jarvis-ml-pipeline
configfile: pytest.ini (WARNING: ignoring pytest config in pyproject.toml!)
plugins: anyio-4.12.1
collecting ... collected 1 item

tests/test_smoke_schedules_api.py::test_schedules_api_smoke FAILED

================================== FAILURES ===================================
__________________________ test_schedules_api_smoke ___________________________
C:\Users\kaneko yu\Documents\jarvis-work\jarvis-ml-pipeline\tests\test_smoke_schedules_api.py:44: in test_schedules_api_smoke
    assert response.status_code == 200
E   assert 500 == 200
E    +  where 500 = <Response [500 Internal Server Error]>.status_code
------------------------------ Captured log call ------------------------------
INFO     httpx:_client.py:1025 HTTP Request: POST http://testserver/api/schedules "HTTP/1.1 500 Internal Server Error"
============================== warnings summary ===============================
jarvis_core\scheduler\schema.py:21
  C:\Users\kaneko yu\Documents\jarvis-work\jarvis-ml-pipeline\jarvis_core\scheduler\schema.py:21: PydanticDeprecatedSince20: Pydantic V1 style `@validator` validators are deprecated. You should migrate to Pydantic V2 style `@field_validator` validators, see the migration guide for more details. Deprecated in Pydantic V2.0 to be removed in V3.0. See Pydantic V2 Migration Guide at https://errors.pydantic.dev/2.12/migration/
    @validator("oa_policy")

-- Docs: https://docs.pytest.org/en/stable/how-to/capture-warnings.html
=========================== short test summary info ===========================
FAILED tests/test_smoke_schedules_api.py::test_schedules_api_smoke - assert 5...
======================== 1 failed, 1 warning in 1.19s =========================
