============================= test session starts =============================
platform win32 -- Python 3.12.3, pytest-9.0.2, pluggy-1.6.0 -- C:\Users\kaneko yu\Documents\jarvis-work\jarvis-ml-pipeline\.venv\Scripts\python.exe
cachedir: .pytest_cache
rootdir: C:\Users\kaneko yu\Documents\jarvis-work\jarvis-ml-pipeline
configfile: pytest.ini (WARNING: ignoring pytest config in pyproject.toml!)
plugins: anyio-4.12.0, asyncio-1.3.0, base-url-2.1.0, cov-7.0.0, playwright-0.7.2, xdist-3.8.0
asyncio: mode=Mode.STRICT, debug=False, asyncio_default_fixture_loop_scope=None, asyncio_default_test_loop_scope=function
collecting ... collected 2 items

tests/test_active_learning_coverage.py::TestActiveLearning::test_import FAILED [ 50%]
tests/test_active_learning_coverage.py::TestModule::test_module FAILED   [100%]

================================== FAILURES ===================================
_______________________ TestActiveLearning.test_import ________________________

self = <test_active_learning_coverage.TestActiveLearning object at 0x000001D1BAB972C0>

    def test_import(self):
>       from jarvis_core import active_learning

tests\test_active_learning_coverage.py:6: 
_ _ _ _ _ _ _ _ _ _ _ _ _ _ _ _ _ _ _ _ _ _ _ _ _ _ _ _ _ _ _ _ _ _ _ _ _ _ _ _

module = <module 'jarvis_core' from 'C:\\Users\\kaneko yu\\Documents\\jarvis-work\\jarvis-ml-pipeline\\jarvis_core\\__init__.py'>
fromlist = ('active_learning',), import_ = <built-in function __import__>

>   ???

<frozen importlib._bootstrap>:1412: 
_ _ _ _ _ _ _ _ _ _ _ _ _ _ _ _ _ _ _ _ _ _ _ _ _ _ _ _ _ _ _ _ _ _ _ _ _ _ _ _

name = 'active_learning'

    def __getattr__(name: str):
        if name == "LLMClient":
            from .llm import LLMClient
    
            return LLMClient
    
        if name == "Router":
            from .router import Router
    
            return Router
    
        if name == "AgentRegistry":
            from .registry import AgentRegistry
    
            return AgentRegistry
    
        if name == "active_learning":
>           from . import active_learning

jarvis_core\__init__.py:59: 
_ _ _ _ _ _ _ _ _ _ _ _ _ _ _ _ _ _ _ _ _ _ _ _ _ _ _ _ _ _ _ _ _ _ _ _ _ _ _ _

module = <module 'jarvis_core' from 'C:\\Users\\kaneko yu\\Documents\\jarvis-work\\jarvis-ml-pipeline\\jarvis_core\\__init__.py'>
fromlist = ('active_learning',), import_ = <built-in function __import__>

>   ???
E   RecursionError: maximum recursion depth exceeded

<frozen importlib._bootstrap>:1412: RecursionError
!!! Recursion detected (same locals & position)
___________________________ TestModule.test_module ____________________________

self = <test_active_learning_coverage.TestModule object at 0x000001D1BAB97980>

    def test_module(self):
>       from jarvis_core import active_learning

tests\test_active_learning_coverage.py:13: 
_ _ _ _ _ _ _ _ _ _ _ _ _ _ _ _ _ _ _ _ _ _ _ _ _ _ _ _ _ _ _ _ _ _ _ _ _ _ _ _

module = <module 'jarvis_core' from 'C:\\Users\\kaneko yu\\Documents\\jarvis-work\\jarvis-ml-pipeline\\jarvis_core\\__init__.py'>
fromlist = ('active_learning',), import_ = <built-in function __import__>

>   ???

<frozen importlib._bootstrap>:1412: 
_ _ _ _ _ _ _ _ _ _ _ _ _ _ _ _ _ _ _ _ _ _ _ _ _ _ _ _ _ _ _ _ _ _ _ _ _ _ _ _

name = 'active_learning'

    def __getattr__(name: str):
        if name == "LLMClient":
            from .llm import LLMClient
    
            return LLMClient
    
        if name == "Router":
            from .router import Router
    
            return Router
    
        if name == "AgentRegistry":
            from .registry import AgentRegistry
    
            return AgentRegistry
    
        if name == "active_learning":
>           from . import active_learning

jarvis_core\__init__.py:59: 
_ _ _ _ _ _ _ _ _ _ _ _ _ _ _ _ _ _ _ _ _ _ _ _ _ _ _ _ _ _ _ _ _ _ _ _ _ _ _ _

module = <module 'jarvis_core' from 'C:\\Users\\kaneko yu\\Documents\\jarvis-work\\jarvis-ml-pipeline\\jarvis_core\\__init__.py'>
fromlist = ('active_learning',), import_ = <built-in function __import__>

>   ???
E   RecursionError: maximum recursion depth exceeded

<frozen importlib._bootstrap>:1412: RecursionError
!!! Recursion detected (same locals & position)
=========================== short test summary info ===========================
FAILED tests/test_active_learning_coverage.py::TestActiveLearning::test_import - RecursionError: maximum recursion depth exceeded
FAILED tests/test_active_learning_coverage.py::TestModule::test_module - RecursionError: maximum recursion depth exceeded
============================== 2 failed in 0.51s ==============================
