============================= test session starts =============================
platform win32 -- Python 3.12.3, pytest-9.0.2, pluggy-1.6.0 -- C:\Users\kaneko yu\AppData\Local\Programs\Python\Python312\python.exe
cachedir: .pytest_cache
rootdir: C:\Users\kaneko yu\Documents\jarvis-work\jarvis-ml-pipeline
configfile: pytest.ini (WARNING: ignoring pytest config in pyproject.toml!)
plugins: anyio-4.12.1
collecting ... collected 37 items

tests/test_smoke_schedules_api.py::test_schedules_api_smoke FAILED       [  2%]
tests/test_phaseF3_remaining.py::TestReportGeneratorDetailed::test_import PASSED [  5%]
tests/test_phaseF3_remaining.py::TestReportTemplatesDetailed::test_import SKIPPED [  8%]
tests/test_phaseF3_remaining.py::TestReportingRankExplainDetailed::test_import PASSED [ 10%]
tests/test_phaseF3_remaining.py::TestReportingSummaryDetailed::test_import SKIPPED [ 13%]
tests/test_phaseF3_remaining.py::TestKnowledgeGraphDetailed::test_import SKIPPED [ 16%]
tests/test_phaseF3_remaining.py::TestKnowledgeStoreDetailed::test_import PASSED [ 18%]
tests/test_phaseF3_remaining.py::TestFinanceOptimizerDetailed::test_import SKIPPED [ 21%]
tests/test_phaseF3_remaining.py::TestFinanceScenariosDetailed::test_import PASSED [ 24%]
tests/test_phaseF3_remaining.py::TestOpsConfigDetailed::test_import SKIPPED [ 27%]
tests/test_phaseF3_remaining.py::TestOpsResilienceDetailed::test_import PASSED [ 29%]
tests/test_phaseF3_remaining.py::TestReplayRecorderDetailed::test_import SKIPPED [ 32%]
tests/test_phaseF3_remaining.py::TestReplayReproduceDetailed::test_import PASSED [ 35%]
tests/test_phaseF3_remaining.py::TestRepairPlannerDetailed::test_import PASSED [ 37%]
tests/test_phaseF3_remaining.py::TestRepairPolicyDetailed::test_import SKIPPED [ 40%]
tests/test_phaseF3_remaining.py::TestRankingRankerDetailed::test_import PASSED [ 43%]
tests/test_phaseF3_remaining.py::TestRankingScorerDetailed::test_import SKIPPED [ 45%]
tests/test_phaseF3_remaining.py::TestScoringRegistryDetailed::test_import PASSED [ 48%]
tests/test_phaseF3_remaining.py::TestScoringScorerDetailed::test_import SKIPPED [ 51%]
tests/test_phaseF3_remaining.py::TestSearchAdapterDetailed::test_import PASSED [ 54%]
tests/test_phaseF3_remaining.py::TestSearchEngineDetailed::test_import PASSED [ 56%]
tests/test_phaseF3_remaining.py::TestSchedulerRunnerDetailed::test_import PASSED [ 59%]
tests/test_phaseF3_remaining.py::TestSchedulerSchedulerDetailed::test_import SKIPPED [ 62%]
tests/test_phaseF3_remaining.py::TestStorageArtifactStoreDetailed::test_import PASSED [ 64%]
tests/test_phaseF3_remaining.py::TestStorageIndexRegistryDetailed::test_import PASSED [ 67%]
tests/test_phaseF3_remaining.py::TestStorageRunStoreIndexDetailed::test_import PASSED [ 70%]
tests/test_phaseF3_remaining.py::TestSubmissionFormatterDetailed::test_import SKIPPED [ 72%]
tests/test_phaseF3_remaining.py::TestSubmissionJournalCheckerDetailed::test_import SKIPPED [ 75%]
tests/test_phaseF3_remaining.py::TestSubmissionValidatorDetailed::test_import SKIPPED [ 78%]
tests/test_phaseF3_remaining.py::TestTelemetryExporterDetailed::test_import SKIPPED [ 81%]
tests/test_phaseF3_remaining.py::TestTelemetryLoggerDetailed::test_import PASSED [ 83%]
tests/test_phaseF3_remaining.py::TestTelemetryRedactDetailed::test_import PASSED [ 86%]
tests/test_phaseF3_remaining.py::TestVisualizationChartsDetailed::test_import SKIPPED [ 89%]
tests/test_phaseF3_remaining.py::TestVisualizationPositioningDetailed::test_import PASSED [ 91%]
tests/test_phaseF3_remaining.py::TestVisualizationTimelineVizDetailed::test_import SKIPPED [ 94%]
tests/test_phaseF3_remaining.py::TestWritingGeneratorDetailed::test_import SKIPPED [ 97%]
tests/test_phaseF3_remaining.py::TestWritingUtilsDetailed::test_import PASSED [100%]

================================== FAILURES ===================================
__________________________ test_schedules_api_smoke ___________________________
C:\Users\kaneko yu\Documents\jarvis-work\jarvis-ml-pipeline\tests\test_smoke_schedules_api.py:44: in test_schedules_api_smoke
    assert response.status_code == 200
E   assert 500 == 200
E    +  where 500 = <Response [500 Internal Server Error]>.status_code
---------------------------- Captured stderr call -----------------------------
[2026-01-25 01:36:53,620] [httpx] [INFO] [none] HTTP Request: POST http://testserver/api/schedules "HTTP/1.1 500 Internal Server Error"
------------------------------ Captured log call ------------------------------
INFO     httpx:_client.py:1025 HTTP Request: POST http://testserver/api/schedules "HTTP/1.1 500 Internal Server Error"
============================== warnings summary ===============================
jarvis_core\scheduler\schema.py:21
  C:\Users\kaneko yu\Documents\jarvis-work\jarvis-ml-pipeline\jarvis_core\scheduler\schema.py:21: PydanticDeprecatedSince20: Pydantic V1 style `@validator` validators are deprecated. You should migrate to Pydantic V2 style `@field_validator` validators, see the migration guide for more details. Deprecated in Pydantic V2.0 to be removed in V3.0. See Pydantic V2 Migration Guide at https://errors.pydantic.dev/2.12/migration/
    @validator("oa_policy")

-- Docs: https://docs.pytest.org/en/stable/how-to/capture-warnings.html
=========================== short test summary info ===========================
FAILED tests/test_smoke_schedules_api.py::test_schedules_api_smoke - assert 5...
============= 1 failed, 19 passed, 17 skipped, 1 warning in 2.64s =============
