{
  "total_tests": 6269,
  "categories": {
    "timeout": [
      "tests/ops/test_recovery.py::test_diagnostics_timeout PASSED              [  2%]",
      "tests/test_network_detection.py::TestNetworkDetector::test_initialization_custom_timeout PASSED [ 33%]",
      "tests/test_network_detection.py::TestNetworkDetector::test_check_endpoint_timeout PASSED [ 33%]"
    ],
    "import_error": [
      "E   ModuleNotFoundError: No module named 'jarvis_core.experimental.active_learning'",
      "C:\\Users\\kaneko yu\\Documents\\jarvis-work\\jarvis-ml-pipeline\\tests\\test_active_learning.py:13: ModuleNotFoundError: No module named 'jarvis_core.experimental.active_learning'",
      "E   ModuleNotFoundError: No module named 'jarvis_core.experimental.active_learning'",
      "C:\\Users\\kaneko yu\\Documents\\jarvis-work\\jarvis-ml-pipeline\\tests\\test_active_learning.py:23: ModuleNotFoundError: No module named 'jarvis_core.experimental.active_learning'",
      "E   ModuleNotFoundError: No module named 'jarvis_core.experimental.active_learning'",
      "C:\\Users\\kaneko yu\\Documents\\jarvis-work\\jarvis-ml-pipeline\\tests\\test_active_learning.py:39: ModuleNotFoundError: No module named 'jarvis_core.experimental.active_learning'",
      "E   ModuleNotFoundError: No module named 'jarvis_core.experimental.active_learning'",
      "C:\\Users\\kaneko yu\\Documents\\jarvis-work\\jarvis-ml-pipeline\\tests\\test_active_learning.py:50: ModuleNotFoundError: No module named 'jarvis_core.experimental.active_learning'",
      "E   ModuleNotFoundError: No module named 'jarvis_core.experimental.active_learning'",
      "C:\\Users\\kaneko yu\\Documents\\jarvis-work\\jarvis-ml-pipeline\\tests\\test_active_learning.py:60: ModuleNotFoundError: No module named 'jarvis_core.experimental.active_learning'",
      "E   ModuleNotFoundError: No module named 'jarvis_core.experimental.active_learning'",
      "C:\\Users\\kaneko yu\\Documents\\jarvis-work\\jarvis-ml-pipeline\\tests\\test_active_learning.py:71: ModuleNotFoundError: No module named 'jarvis_core.experimental.active_learning'",
      "E   ModuleNotFoundError: No module named 'jarvis_core.experimental.active_learning'",
      "C:\\Users\\kaneko yu\\Documents\\jarvis-work\\jarvis-ml-pipeline\\tests\\test_active_learning.py:87: ModuleNotFoundError: No module named 'jarvis_core.experimental.active_learning'",
      "E   ModuleNotFoundError: No module named 'jarvis_core.experimental.active_learning'",
      "C:\\Users\\kaneko yu\\Documents\\jarvis-work\\jarvis-ml-pipeline\\tests\\test_active_learning.py:107: ModuleNotFoundError: No module named 'jarvis_core.experimental.active_learning'",
      "E   ModuleNotFoundError: No module named 'jarvis_core.experimental.active_learning'",
      "C:\\Users\\kaneko yu\\Documents\\jarvis-work\\jarvis-ml-pipeline\\tests\\test_active_learning.py:114: ModuleNotFoundError: No module named 'jarvis_core.experimental.active_learning'",
      "E   ModuleNotFoundError: No module named 'jarvis_core.experimental.active_learning'",
      "C:\\Users\\kaneko yu\\Documents\\jarvis-work\\jarvis-ml-pipeline\\tests\\test_active_learning.py:137: ModuleNotFoundError: No module named 'jarvis_core.experimental.active_learning'",
      "E   ModuleNotFoundError: No module named 'jarvis_core.experimental.active_learning'",
      "C:\\Users\\kaneko yu\\Documents\\jarvis-work\\jarvis-ml-pipeline\\tests\\test_active_learning.py:145: ModuleNotFoundError: No module named 'jarvis_core.experimental.active_learning'",
      "E   ModuleNotFoundError: No module named 'jarvis_core.experimental.active_learning'",
      "C:\\Users\\kaneko yu\\Documents\\jarvis-work\\jarvis-ml-pipeline\\tests\\test_active_learning.py:152: ModuleNotFoundError: No module named 'jarvis_core.experimental.active_learning'",
      "E   ModuleNotFoundError: No module named 'jarvis_core.experimental.active_learning'",
      "C:\\Users\\kaneko yu\\Documents\\jarvis-work\\jarvis-ml-pipeline\\tests\\test_active_learning.py:176: ModuleNotFoundError: No module named 'jarvis_core.experimental.active_learning'",
      "E   ModuleNotFoundError: No module named 'jarvis_core.experimental.active_learning'",
      "C:\\Users\\kaneko yu\\Documents\\jarvis-work\\jarvis-ml-pipeline\\tests\\test_active_learning.py:183: ModuleNotFoundError: No module named 'jarvis_core.experimental.active_learning'",
      "E   ModuleNotFoundError: No module named 'jarvis_core.experimental.active_learning'",
      "C:\\Users\\kaneko yu\\Documents\\jarvis-work\\jarvis-ml-pipeline\\tests\\test_active_learning.py:200: ModuleNotFoundError: No module named 'jarvis_core.experimental.active_learning'",
      "E   ModuleNotFoundError: No module named 'jarvis_core.experimental.active_learning'",
      "C:\\Users\\kaneko yu\\Documents\\jarvis-work\\jarvis-ml-pipeline\\tests\\test_active_learning.py:217: ModuleNotFoundError: No module named 'jarvis_core.experimental.active_learning'",
      "E   ModuleNotFoundError: No module named 'jarvis_core.experimental.active_learning'",
      "C:\\Users\\kaneko yu\\Documents\\jarvis-work\\jarvis-ml-pipeline\\tests\\test_active_learning.py:234: ModuleNotFoundError: No module named 'jarvis_core.experimental.active_learning'",
      "E   ModuleNotFoundError: No module named 'jarvis_core.experimental.active_learning'",
      "C:\\Users\\kaneko yu\\Documents\\jarvis-work\\jarvis-ml-pipeline\\tests\\test_active_learning.py:251: ModuleNotFoundError: No module named 'jarvis_core.experimental.active_learning'",
      "E   ModuleNotFoundError: No module named 'jarvis_core.experimental.active_learning'",
      "C:\\Users\\kaneko yu\\Documents\\jarvis-work\\jarvis-ml-pipeline\\tests\\test_active_learning.py:296: ModuleNotFoundError: No module named 'jarvis_core.experimental.active_learning'",
      "E   ModuleNotFoundError: No module named 'jarvis_core.experimental.active_learning'",
      "C:\\Users\\kaneko yu\\Documents\\jarvis-work\\jarvis-ml-pipeline\\tests\\test_active_learning.py:306: ModuleNotFoundError: No module named 'jarvis_core.experimental.active_learning'",
      "E   ModuleNotFoundError: No module named 'jarvis_core.experimental.active_learning'",
      "C:\\Users\\kaneko yu\\Documents\\jarvis-work\\jarvis-ml-pipeline\\tests\\test_active_learning.py:321: ModuleNotFoundError: No module named 'jarvis_core.experimental.active_learning'",
      "E   ModuleNotFoundError: No module named 'jarvis_core.experimental.active_learning'",
      "C:\\Users\\kaneko yu\\Documents\\jarvis-work\\jarvis-ml-pipeline\\tests\\test_active_learning.py:336: ModuleNotFoundError: No module named 'jarvis_core.experimental.active_learning'",
      "E   ModuleNotFoundError: No module named 'jarvis_core.experimental.active_learning'",
      "C:\\Users\\kaneko yu\\Documents\\jarvis-work\\jarvis-ml-pipeline\\tests\\test_active_learning.py:353: ModuleNotFoundError: No module named 'jarvis_core.experimental.active_learning'",
      "E   ModuleNotFoundError: No module named 'jarvis_core.experimental.active_learning'",
      "C:\\Users\\kaneko yu\\Documents\\jarvis-work\\jarvis-ml-pipeline\\tests\\test_active_learning.py:369: ModuleNotFoundError: No module named 'jarvis_core.experimental.active_learning'",
      "E   ModuleNotFoundError: No module named 'jarvis_core.experimental.active_learning'",
      "C:\\Users\\kaneko yu\\Documents\\jarvis-work\\jarvis-ml-pipeline\\tests\\test_active_learning.py:384: ModuleNotFoundError: No module named 'jarvis_core.experimental.active_learning'",
      "E   ModuleNotFoundError: No module named 'jarvis_core.experimental.active_learning'",
      "C:\\Users\\kaneko yu\\Documents\\jarvis-work\\jarvis-ml-pipeline\\tests\\test_active_learning.py:398: ModuleNotFoundError: No module named 'jarvis_core.experimental.active_learning'",
      "E   assert (1 == 0 or 'usage' in '' or 'help' in \"c:\\\\users\\\\kaneko yu\\\\appdata\\\\local\\\\programs\\\\python\\\\python312\\\\python.exe: error while finding module specification for 'jarvis_core.experimental.active_learning.cli' (modulenotfounderror: no module named 'jarvis_core.experimental.active_learning')\\n\")",
      "     +  where 1 = CompletedProcess(args=['python', '-m', 'jarvis_core.experimental.active_learning.cli', '--help'], returncode=1, stdout='', stderr=\"C:\\\\Users\\\\kaneko yu\\\\AppData\\\\Local\\\\Programs\\\\Python\\\\Python312\\\\python.exe: Error while finding module specification for 'jarvis_core.experimental.active_learning.cli' (ModuleNotFoundError: No module named 'jarvis_core.experimental.active_learning')\\n\").returncode",
      "     +      where '' = CompletedProcess(args=['python', '-m', 'jarvis_core.experimental.active_learning.cli', '--help'], returncode=1, stdout='', stderr=\"C:\\\\Users\\\\kaneko yu\\\\AppData\\\\Local\\\\Programs\\\\Python\\\\Python312\\\\python.exe: Error while finding module specification for 'jarvis_core.experimental.active_learning.cli' (ModuleNotFoundError: No module named 'jarvis_core.experimental.active_learning')\\n\").stdout",
      "     +  and   \"c:\\\\users\\\\kaneko yu\\\\appdata\\\\local\\\\programs\\\\python\\\\python312\\\\python.exe: error while finding module specification for 'jarvis_core.experimental.active_learning.cli' (modulenotfounderror: no module named 'jarvis_core.experimental.active_learning')\\n\" = <built-in method lower of str object at 0x00000158CDEF7750>()",
      "     +    where <built-in method lower of str object at 0x00000158CDEF7750> = \"C:\\\\Users\\\\kaneko yu\\\\AppData\\\\Local\\\\Programs\\\\Python\\\\Python312\\\\python.exe: Error while finding module specification for 'jarvis_core.experimental.active_learning.cli' (ModuleNotFoundError: No module named 'jarvis_core.experimental.active_learning')\\n\".lower",
      "     +      where \"C:\\\\Users\\\\kaneko yu\\\\AppData\\\\Local\\\\Programs\\\\Python\\\\Python312\\\\python.exe: Error while finding module specification for 'jarvis_core.experimental.active_learning.cli' (ModuleNotFoundError: No module named 'jarvis_core.experimental.active_learning')\\n\" = CompletedProcess(args=['python', '-m', 'jarvis_core.experimental.active_learning.cli', '--help'], returncode=1, stdout='', stderr=\"C:\\\\Users\\\\kaneko yu\\\\AppData\\\\Local\\\\Programs\\\\Python\\\\Python312\\\\python.exe: Error while finding module specification for 'jarvis_core.experimental.active_learning.cli' (ModuleNotFoundError: No module named 'jarvis_core.experimental.active_learning')\\n\").stderr",
      "C:\\Users\\kaneko yu\\Documents\\jarvis-work\\jarvis-ml-pipeline\\tests\\test_active_learning.py:413: assert (1 == 0 or 'usage' in '' or 'help' in \"c:\\\\users\\\\kaneko yu\\\\appdata\\\\local\\\\programs\\\\python\\\\python312\\\\python.exe: error while finding module specification for 'jarvis_core.experimental.active_learning.cli' (modulenotfounderror: no module named 'jarvis_core.experimental.active_learning')\\n\")",
      "E   ModuleNotFoundError: No module named 'jarvis_core.experimental.active_learning'",
      "C:\\Users\\kaneko yu\\Documents\\jarvis-work\\jarvis-ml-pipeline\\tests\\test_active_learning.py:425: ModuleNotFoundError: No module named 'jarvis_core.experimental.active_learning'",
      "E   ImportError: cannot import name 'WebFetcher' from 'jarvis_core.web_fetcher' (C:\\Users\\kaneko yu\\Documents\\jarvis-work\\jarvis-ml-pipeline\\jarvis_core\\web_fetcher.py). Did you mean: 'web_fetcher'?",
      "C:\\Users\\kaneko yu\\Documents\\jarvis-work\\jarvis-ml-pipeline\\tests\\test_external_api_mocks.py:286: ImportError: cannot import name 'WebFetcher' from 'jarvis_core.web_fetcher' (C:\\Users\\kaneko yu\\Documents\\jarvis-work\\jarvis-ml-pipeline\\jarvis_core\\web_fetcher.py). Did you mean: 'web_fetcher'?",
      "E   ModuleNotFoundError: No module named 'jarvis_core.grader'",
      "C:\\Users\\kaneko yu\\Documents\\jarvis-work\\jarvis-ml-pipeline\\tests\\test_grader_coverage.py:9: ModuleNotFoundError: No module named 'jarvis_core.grader'",
      "E   ModuleNotFoundError: No module named 'jarvis_core.grader'",
      "C:\\Users\\kaneko yu\\Documents\\jarvis-work\\jarvis-ml-pipeline\\tests\\test_grader_coverage.py:19: ModuleNotFoundError: No module named 'jarvis_core.grader'",
      "E   ModuleNotFoundError: No module named 'jarvis_core.grader'",
      "C:\\Users\\kaneko yu\\Documents\\jarvis-work\\jarvis-ml-pipeline\\tests\\test_grader_ultra.py:16: ModuleNotFoundError: No module named 'jarvis_core.grader'",
      "E   ImportError: cannot import name 'education' from 'jarvis_core' (C:\\Users\\kaneko yu\\Documents\\jarvis-work\\jarvis-ml-pipeline\\jarvis_core\\__init__.py)",
      "C:\\Users\\kaneko yu\\Documents\\jarvis-work\\jarvis-ml-pipeline\\tests\\test_phase10_high_impact.py:15: ImportError: cannot import name 'education' from 'jarvis_core' (C:\\Users\\kaneko yu\\Documents\\jarvis-work\\jarvis-ml-pipeline\\jarvis_core\\__init__.py)",
      "E   ImportError: cannot import name 'education' from 'jarvis_core' (C:\\Users\\kaneko yu\\Documents\\jarvis-work\\jarvis-ml-pipeline\\jarvis_core\\__init__.py)",
      "C:\\Users\\kaneko yu\\Documents\\jarvis-work\\jarvis-ml-pipeline\\tests\\test_phase10_high_impact.py:20: ImportError: cannot import name 'education' from 'jarvis_core' (C:\\Users\\kaneko yu\\Documents\\jarvis-work\\jarvis-ml-pipeline\\jarvis_core\\__init__.py)",
      "E   ImportError: cannot import name 'rehearsal' from 'jarvis_core' (C:\\Users\\kaneko yu\\Documents\\jarvis-work\\jarvis-ml-pipeline\\jarvis_core\\__init__.py)",
      "C:\\Users\\kaneko yu\\Documents\\jarvis-work\\jarvis-ml-pipeline\\tests\\test_phase10_high_impact.py:30: ImportError: cannot import name 'rehearsal' from 'jarvis_core' (C:\\Users\\kaneko yu\\Documents\\jarvis-work\\jarvis-ml-pipeline\\jarvis_core\\__init__.py)",
      "E   ImportError: cannot import name 'timeline' from 'jarvis_core' (C:\\Users\\kaneko yu\\Documents\\jarvis-work\\jarvis-ml-pipeline\\jarvis_core\\__init__.py). Did you mean: 'pipelines'?",
      "C:\\Users\\kaneko yu\\Documents\\jarvis-work\\jarvis-ml-pipeline\\tests\\test_phase12_deep.py:23: ImportError: cannot import name 'timeline' from 'jarvis_core' (C:\\Users\\kaneko yu\\Documents\\jarvis-work\\jarvis-ml-pipeline\\jarvis_core\\__init__.py). Did you mean: 'pipelines'?",
      "E   ImportError: cannot import name 'timeline' from 'jarvis_core' (C:\\Users\\kaneko yu\\Documents\\jarvis-work\\jarvis-ml-pipeline\\jarvis_core\\__init__.py). Did you mean: 'pipelines'?",
      "C:\\Users\\kaneko yu\\Documents\\jarvis-work\\jarvis-ml-pipeline\\tests\\test_phase12_deep.py:28: ImportError: cannot import name 'timeline' from 'jarvis_core' (C:\\Users\\kaneko yu\\Documents\\jarvis-work\\jarvis-ml-pipeline\\jarvis_core\\__init__.py). Did you mean: 'pipelines'?",
      "E   ImportError: cannot import name 'clinical_readiness' from 'jarvis_core' (C:\\Users\\kaneko yu\\Documents\\jarvis-work\\jarvis-ml-pipeline\\jarvis_core\\__init__.py)",
      "C:\\Users\\kaneko yu\\Documents\\jarvis-work\\jarvis-ml-pipeline\\tests\\test_phase12_deep.py:65: ImportError: cannot import name 'clinical_readiness' from 'jarvis_core' (C:\\Users\\kaneko yu\\Documents\\jarvis-work\\jarvis-ml-pipeline\\jarvis_core\\__init__.py)",
      "E   ImportError: cannot import name 'lab_optimizer' from 'jarvis_core' (C:\\Users\\kaneko yu\\Documents\\jarvis-work\\jarvis-ml-pipeline\\jarvis_core\\__init__.py)",
      "C:\\Users\\kaneko yu\\Documents\\jarvis-work\\jarvis-ml-pipeline\\tests\\test_phase12_deep.py:74: ImportError: cannot import name 'lab_optimizer' from 'jarvis_core' (C:\\Users\\kaneko yu\\Documents\\jarvis-work\\jarvis-ml-pipeline\\jarvis_core\\__init__.py)",
      "E   ModuleNotFoundError: No module named 'jarvis_core.experimental.active_learning'",
      "C:\\Users\\kaneko yu\\Documents\\jarvis-work\\jarvis-ml-pipeline\\tests\\test_phase13_maximum.py:590: ModuleNotFoundError: No module named 'jarvis_core.experimental.active_learning'",
      "E   ImportError: cannot import name 'funding_cliff' from 'jarvis_core' (C:\\Users\\kaneko yu\\Documents\\jarvis-work\\jarvis-ml-pipeline\\jarvis_core\\__init__.py)",
      "C:\\Users\\kaneko yu\\Documents\\jarvis-work\\jarvis-ml-pipeline\\tests\\test_phase16_low_coverage.py:377: ImportError: cannot import name 'funding_cliff' from 'jarvis_core' (C:\\Users\\kaneko yu\\Documents\\jarvis-work\\jarvis-ml-pipeline\\jarvis_core\\__init__.py)",
      "E   ImportError: cannot import name 'heatmap' from 'jarvis_core' (C:\\Users\\kaneko yu\\Documents\\jarvis-work\\jarvis-ml-pipeline\\jarvis_core\\__init__.py)",
      "C:\\Users\\kaneko yu\\Documents\\jarvis-work\\jarvis-ml-pipeline\\tests\\test_phase16_low_coverage.py:386: ImportError: cannot import name 'heatmap' from 'jarvis_core' (C:\\Users\\kaneko yu\\Documents\\jarvis-work\\jarvis-ml-pipeline\\jarvis_core\\__init__.py)",
      "E   ImportError: cannot import name 'career_planner' from 'jarvis_core' (C:\\Users\\kaneko yu\\Documents\\jarvis-work\\jarvis-ml-pipeline\\jarvis_core\\__init__.py)",
      "C:\\Users\\kaneko yu\\Documents\\jarvis-work\\jarvis-ml-pipeline\\tests\\test_phase16_low_coverage.py:395: ImportError: cannot import name 'career_planner' from 'jarvis_core' (C:\\Users\\kaneko yu\\Documents\\jarvis-work\\jarvis-ml-pipeline\\jarvis_core\\__init__.py)",
      "E   ModuleNotFoundError: No module named 'jarvis_core.experimental.active_learning'",
      "C:\\Users\\kaneko yu\\Documents\\jarvis-work\\jarvis-ml-pipeline\\tests\\test_phase17_more_low_coverage.py:112: ModuleNotFoundError: No module named 'jarvis_core.experimental.active_learning'",
      "E   ImportError: cannot import name 'career_planner' from 'jarvis_core' (C:\\Users\\kaneko yu\\Documents\\jarvis-work\\jarvis-ml-pipeline\\jarvis_core\\__init__.py)",
      "C:\\Users\\kaneko yu\\Documents\\jarvis-work\\jarvis-ml-pipeline\\tests\\test_phase17_zero_to_hero.py:111: ImportError: cannot import name 'career_planner' from 'jarvis_core' (C:\\Users\\kaneko yu\\Documents\\jarvis-work\\jarvis-ml-pipeline\\jarvis_core\\__init__.py)",
      "E   ImportError: cannot import name 'gap_analysis' from 'jarvis_core' (C:\\Users\\kaneko yu\\Documents\\jarvis-work\\jarvis-ml-pipeline\\jarvis_core\\__init__.py)",
      "C:\\Users\\kaneko yu\\Documents\\jarvis-work\\jarvis-ml-pipeline\\tests\\test_phase17_zero_to_hero.py:153: ImportError: cannot import name 'gap_analysis' from 'jarvis_core' (C:\\Users\\kaneko yu\\Documents\\jarvis-work\\jarvis-ml-pipeline\\jarvis_core\\__init__.py)",
      "E   ImportError: cannot import name 'pi_succession' from 'jarvis_core' (C:\\Users\\kaneko yu\\Documents\\jarvis-work\\jarvis-ml-pipeline\\jarvis_core\\__init__.py)",
      "C:\\Users\\kaneko yu\\Documents\\jarvis-work\\jarvis-ml-pipeline\\tests\\test_phase17_zero_to_hero.py:167: ImportError: cannot import name 'pi_succession' from 'jarvis_core' (C:\\Users\\kaneko yu\\Documents\\jarvis-work\\jarvis-ml-pipeline\\jarvis_core\\__init__.py)",
      "E   ImportError: cannot import name 'student_portfolio' from 'jarvis_core' (C:\\Users\\kaneko yu\\Documents\\jarvis-work\\jarvis-ml-pipeline\\jarvis_core\\__init__.py)",
      "C:\\Users\\kaneko yu\\Documents\\jarvis-work\\jarvis-ml-pipeline\\tests\\test_phase17_zero_to_hero.py:181: ImportError: cannot import name 'student_portfolio' from 'jarvis_core' (C:\\Users\\kaneko yu\\Documents\\jarvis-work\\jarvis-ml-pipeline\\jarvis_core\\__init__.py)",
      "E   ImportError: cannot import name 'reproducibility_cert' from 'jarvis_core' (C:\\Users\\kaneko yu\\Documents\\jarvis-work\\jarvis-ml-pipeline\\jarvis_core\\__init__.py)",
      "C:\\Users\\kaneko yu\\Documents\\jarvis-work\\jarvis-ml-pipeline\\tests\\test_phase17_zero_to_hero.py:195: ImportError: cannot import name 'reproducibility_cert' from 'jarvis_core' (C:\\Users\\kaneko yu\\Documents\\jarvis-work\\jarvis-ml-pipeline\\jarvis_core\\__init__.py)",
      "E   ImportError: cannot import name 'roi_engine' from 'jarvis_core' (C:\\Users\\kaneko yu\\Documents\\jarvis-work\\jarvis-ml-pipeline\\jarvis_core\\__init__.py)",
      "C:\\Users\\kaneko yu\\Documents\\jarvis-work\\jarvis-ml-pipeline\\tests\\test_phase17_zero_to_hero.py:209: ImportError: cannot import name 'roi_engine' from 'jarvis_core' (C:\\Users\\kaneko yu\\Documents\\jarvis-work\\jarvis-ml-pipeline\\jarvis_core\\__init__.py)",
      "E   ImportError: cannot import name 'pi_support' from 'jarvis_core' (C:\\Users\\kaneko yu\\Documents\\jarvis-work\\jarvis-ml-pipeline\\jarvis_core\\__init__.py)",
      "C:\\Users\\kaneko yu\\Documents\\jarvis-work\\jarvis-ml-pipeline\\tests\\test_phase17_zero_to_hero.py:223: ImportError: cannot import name 'pi_support' from 'jarvis_core' (C:\\Users\\kaneko yu\\Documents\\jarvis-work\\jarvis-ml-pipeline\\jarvis_core\\__init__.py)",
      "E   ImportError: cannot import name 'sigma_modules' from 'jarvis_core' (C:\\Users\\kaneko yu\\Documents\\jarvis-work\\jarvis-ml-pipeline\\jarvis_core\\__init__.py)",
      "C:\\Users\\kaneko yu\\Documents\\jarvis-work\\jarvis-ml-pipeline\\tests\\test_phase17_zero_to_hero.py:265: ImportError: cannot import name 'sigma_modules' from 'jarvis_core' (C:\\Users\\kaneko yu\\Documents\\jarvis-work\\jarvis-ml-pipeline\\jarvis_core\\__init__.py)",
      "E   ImportError: cannot import name 'failure_simulator' from 'jarvis_core' (C:\\Users\\kaneko yu\\Documents\\jarvis-work\\jarvis-ml-pipeline\\jarvis_core\\__init__.py)",
      "C:\\Users\\kaneko yu\\Documents\\jarvis-work\\jarvis-ml-pipeline\\tests\\test_phase17_zero_to_hero.py:279: ImportError: cannot import name 'failure_simulator' from 'jarvis_core' (C:\\Users\\kaneko yu\\Documents\\jarvis-work\\jarvis-ml-pipeline\\jarvis_core\\__init__.py)",
      "E   ImportError: cannot import name 'paradigm' from 'jarvis_core' (C:\\Users\\kaneko yu\\Documents\\jarvis-work\\jarvis-ml-pipeline\\jarvis_core\\__init__.py)",
      "C:\\Users\\kaneko yu\\Documents\\jarvis-work\\jarvis-ml-pipeline\\tests\\test_phase17_zero_to_hero.py:293: ImportError: cannot import name 'paradigm' from 'jarvis_core' (C:\\Users\\kaneko yu\\Documents\\jarvis-work\\jarvis-ml-pipeline\\jarvis_core\\__init__.py)",
      "E   ImportError: cannot import name 'competing_hypothesis' from 'jarvis_core' (C:\\Users\\kaneko yu\\Documents\\jarvis-work\\jarvis-ml-pipeline\\jarvis_core\\__init__.py)",
      "C:\\Users\\kaneko yu\\Documents\\jarvis-work\\jarvis-ml-pipeline\\tests\\test_phase17_zero_to_hero.py:307: ImportError: cannot import name 'competing_hypothesis' from 'jarvis_core' (C:\\Users\\kaneko yu\\Documents\\jarvis-work\\jarvis-ml-pipeline\\jarvis_core\\__init__.py)",
      "E   ImportError: cannot import name 'lab_culture' from 'jarvis_core' (C:\\Users\\kaneko yu\\Documents\\jarvis-work\\jarvis-ml-pipeline\\jarvis_core\\__init__.py)",
      "C:\\Users\\kaneko yu\\Documents\\jarvis-work\\jarvis-ml-pipeline\\tests\\test_phase17_zero_to_hero.py:321: ImportError: cannot import name 'lab_culture' from 'jarvis_core' (C:\\Users\\kaneko yu\\Documents\\jarvis-work\\jarvis-ml-pipeline\\jarvis_core\\__init__.py)",
      "E   ImportError: cannot import name 'clinical_readiness' from 'jarvis_core' (C:\\Users\\kaneko yu\\Documents\\jarvis-work\\jarvis-ml-pipeline\\jarvis_core\\__init__.py)",
      "C:\\Users\\kaneko yu\\Documents\\jarvis-work\\jarvis-ml-pipeline\\tests\\test_phase17_zero_to_hero.py:363: ImportError: cannot import name 'clinical_readiness' from 'jarvis_core' (C:\\Users\\kaneko yu\\Documents\\jarvis-work\\jarvis-ml-pipeline\\jarvis_core\\__init__.py)",
      "E   ImportError: cannot import name 'lab_optimizer' from 'jarvis_core' (C:\\Users\\kaneko yu\\Documents\\jarvis-work\\jarvis-ml-pipeline\\jarvis_core\\__init__.py)",
      "C:\\Users\\kaneko yu\\Documents\\jarvis-work\\jarvis-ml-pipeline\\tests\\test_phase17_zero_to_hero.py:377: ImportError: cannot import name 'lab_optimizer' from 'jarvis_core' (C:\\Users\\kaneko yu\\Documents\\jarvis-work\\jarvis-ml-pipeline\\jarvis_core\\__init__.py)",
      "E   ImportError: cannot import name 'grant_optimizer' from 'jarvis_core' (C:\\Users\\kaneko yu\\Documents\\jarvis-work\\jarvis-ml-pipeline\\jarvis_core\\__init__.py)",
      "C:\\Users\\kaneko yu\\Documents\\jarvis-work\\jarvis-ml-pipeline\\tests\\test_phase17_zero_to_hero.py:391: ImportError: cannot import name 'grant_optimizer' from 'jarvis_core' (C:\\Users\\kaneko yu\\Documents\\jarvis-work\\jarvis-ml-pipeline\\jarvis_core\\__init__.py)",
      "E   ModuleNotFoundError: No module named 'jarvis_core.finance'",
      "C:\\Users\\kaneko yu\\Documents\\jarvis-work\\jarvis-ml-pipeline\\jarvis_core\\optimization\\constraints.py:7: ModuleNotFoundError: No module named 'jarvis_core.finance'",
      "E   ModuleNotFoundError: No module named 'jarvis_core.experimental.active_learning'",
      "C:\\Users\\kaneko yu\\Documents\\jarvis-work\\jarvis-ml-pipeline\\tests\\test_phase5_medium_priority.py:15: ModuleNotFoundError: No module named 'jarvis_core.experimental.active_learning'",
      "E   ModuleNotFoundError: No module named 'jarvis_core.finance'",
      "C:\\Users\\kaneko yu\\Documents\\jarvis-work\\jarvis-ml-pipeline\\jarvis_core\\optimization\\report.py:7: ModuleNotFoundError: No module named 'jarvis_core.finance'",
      "E   ModuleNotFoundError: No module named 'jarvis_core.finance'",
      "C:\\Users\\kaneko yu\\Documents\\jarvis-work\\jarvis-ml-pipeline\\jarvis_core\\optimization\\solver.py:7: ModuleNotFoundError: No module named 'jarvis_core.finance'",
      "E   ImportError: cannot import name 'gap_analysis' from 'jarvis_core' (C:\\Users\\kaneko yu\\Documents\\jarvis-work\\jarvis-ml-pipeline\\jarvis_core\\__init__.py)",
      "C:\\Users\\kaneko yu\\Documents\\jarvis-work\\jarvis-ml-pipeline\\tests\\test_phase8_deep.py:16: ImportError: cannot import name 'gap_analysis' from 'jarvis_core' (C:\\Users\\kaneko yu\\Documents\\jarvis-work\\jarvis-ml-pipeline\\jarvis_core\\__init__.py)",
      "E   ImportError: cannot import name 'gap_analysis' from 'jarvis_core' (C:\\Users\\kaneko yu\\Documents\\jarvis-work\\jarvis-ml-pipeline\\jarvis_core\\__init__.py)",
      "C:\\Users\\kaneko yu\\Documents\\jarvis-work\\jarvis-ml-pipeline\\tests\\test_phase8_deep.py:21: ImportError: cannot import name 'gap_analysis' from 'jarvis_core' (C:\\Users\\kaneko yu\\Documents\\jarvis-work\\jarvis-ml-pipeline\\jarvis_core\\__init__.py)",
      "E   ImportError: cannot import name 'pi_succession' from 'jarvis_core' (C:\\Users\\kaneko yu\\Documents\\jarvis-work\\jarvis-ml-pipeline\\jarvis_core\\__init__.py)",
      "C:\\Users\\kaneko yu\\Documents\\jarvis-work\\jarvis-ml-pipeline\\tests\\test_phase8_deep.py:37: ImportError: cannot import name 'pi_succession' from 'jarvis_core' (C:\\Users\\kaneko yu\\Documents\\jarvis-work\\jarvis-ml-pipeline\\jarvis_core\\__init__.py)",
      "E   ImportError: cannot import name 'student_portfolio' from 'jarvis_core' (C:\\Users\\kaneko yu\\Documents\\jarvis-work\\jarvis-ml-pipeline\\jarvis_core\\__init__.py)",
      "C:\\Users\\kaneko yu\\Documents\\jarvis-work\\jarvis-ml-pipeline\\tests\\test_phase8_deep.py:51: ImportError: cannot import name 'student_portfolio' from 'jarvis_core' (C:\\Users\\kaneko yu\\Documents\\jarvis-work\\jarvis-ml-pipeline\\jarvis_core\\__init__.py)",
      "FAILED tests/test_active_learning.py::TestALConfig::test_config_default_values - ModuleNotFoundError: No module named 'jarvis_core.experimental.active_learning'",
      "FAILED tests/test_active_learning.py::TestALConfig::test_config_custom_values - ModuleNotFoundError: No module named 'jarvis_core.experimental.active_learning'",
      "FAILED tests/test_active_learning.py::TestALConfig::test_config_target_recall - ModuleNotFoundError: No module named 'jarvis_core.experimental.active_learning'",
      "FAILED tests/test_active_learning.py::TestALState::test_state_values - ModuleNotFoundError: No module named 'jarvis_core.experimental.active_learning'",
      "FAILED tests/test_active_learning.py::TestALState::test_state_comparison - ModuleNotFoundError: No module named 'jarvis_core.experimental.active_learning'",
      "FAILED tests/test_active_learning.py::TestALStats::test_stats_creation - ModuleNotFoundError: No module named 'jarvis_core.experimental.active_learning'",
      "FAILED tests/test_active_learning.py::TestALStats::test_stats_to_dict - ModuleNotFoundError: No module named 'jarvis_core.experimental.active_learning'",
      "FAILED tests/test_active_learning.py::TestQueryStrategy::test_uncertainty_sampling_init - ModuleNotFoundError: No module named 'jarvis_core.experimental.active_learning'",
      "FAILED tests/test_active_learning.py::TestQueryStrategy::test_uncertainty_sampling_select - ModuleNotFoundError: No module named 'jarvis_core.experimental.active_learning'",
      "FAILED tests/test_active_learning.py::TestQueryStrategy::test_uncertainty_sampling_empty - ModuleNotFoundError: No module named 'jarvis_core.experimental.active_learning'",
      "FAILED tests/test_active_learning.py::TestQueryStrategy::test_diversity_sampling_init - ModuleNotFoundError: No module named 'jarvis_core.experimental.active_learning'",
      "FAILED tests/test_active_learning.py::TestQueryStrategy::test_diversity_sampling_select - ModuleNotFoundError: No module named 'jarvis_core.experimental.active_learning'",
      "FAILED tests/test_active_learning.py::TestStoppingCriteria::test_recall_stopping_init - ModuleNotFoundError: No module named 'jarvis_core.experimental.active_learning'",
      "FAILED tests/test_active_learning.py::TestStoppingCriteria::test_recall_stopping_not_met - ModuleNotFoundError: No module named 'jarvis_core.experimental.active_learning'",
      "FAILED tests/test_active_learning.py::TestStoppingCriteria::test_recall_stopping_met - ModuleNotFoundError: No module named 'jarvis_core.experimental.active_learning'",
      "FAILED tests/test_active_learning.py::TestStoppingCriteria::test_budget_stopping_not_met - ModuleNotFoundError: No module named 'jarvis_core.experimental.active_learning'",
      "FAILED tests/test_active_learning.py::TestStoppingCriteria::test_budget_stopping_met - ModuleNotFoundError: No module named 'jarvis_core.experimental.active_learning'",
      "FAILED tests/test_active_learning.py::TestStoppingCriteria::test_composite_stopping_any - ModuleNotFoundError: No module named 'jarvis_core.experimental.active_learning'",
      "FAILED tests/test_active_learning.py::TestActiveLearningEngine::test_engine_initialization - ModuleNotFoundError: No module named 'jarvis_core.experimental.active_learning'",
      "FAILED tests/test_active_learning.py::TestActiveLearningEngine::test_engine_initialize_with_data - ModuleNotFoundError: No module named 'jarvis_core.experimental.active_learning'",
      "FAILED tests/test_active_learning.py::TestActiveLearningEngine::test_engine_get_next_query - ModuleNotFoundError: No module named 'jarvis_core.experimental.active_learning'",
      "FAILED tests/test_active_learning.py::TestActiveLearningEngine::test_engine_update_single - ModuleNotFoundError: No module named 'jarvis_core.experimental.active_learning'",
      "FAILED tests/test_active_learning.py::TestActiveLearningEngine::test_engine_update_batch - ModuleNotFoundError: No module named 'jarvis_core.experimental.active_learning'",
      "FAILED tests/test_active_learning.py::TestActiveLearningEngine::test_engine_get_stats - ModuleNotFoundError: No module named 'jarvis_core.experimental.active_learning'",
      "FAILED tests/test_active_learning.py::TestActiveLearningEngine::test_engine_state_property - ModuleNotFoundError: No module named 'jarvis_core.experimental.active_learning'",
      "FAILED tests/test_active_learning.py::TestActiveLearningCLI::test_cli_entry_point_exists - ModuleNotFoundError: No module named 'jarvis_core.experimental.active_learning'",
      "FAILED tests/test_active_learning.py::TestActiveLearningCLI::test_cli_help - assert (1 == 0 or 'usage' in '' or 'help' in \"c:\\\\users\\\\kaneko yu\\\\appdata\\\\local\\\\programs\\\\python\\\\python312\\\\python.exe: error while finding module specification for 'jarvis_core.experimental.active_learning.cli' (modulenotfounderror: no module named 'jarvis_core.experimental.active_learning')\\n\")",
      " +  where 1 = CompletedProcess(args=['python', '-m', 'jarvis_core.experimental.active_learning.cli', '--help'], returncode=1, stdout='', stderr=\"C:\\\\Users\\\\kaneko yu\\\\AppData\\\\Local\\\\Programs\\\\Python\\\\Python312\\\\python.exe: Error while finding module specification for 'jarvis_core.experimental.active_learning.cli' (ModuleNotFoundError: No module named 'jarvis_core.experimental.active_learning')\\n\").returncode",
      " +      where '' = CompletedProcess(args=['python', '-m', 'jarvis_core.experimental.active_learning.cli', '--help'], returncode=1, stdout='', stderr=\"C:\\\\Users\\\\kaneko yu\\\\AppData\\\\Local\\\\Programs\\\\Python\\\\Python312\\\\python.exe: Error while finding module specification for 'jarvis_core.experimental.active_learning.cli' (ModuleNotFoundError: No module named 'jarvis_core.experimental.active_learning')\\n\").stdout",
      " +  and   \"c:\\\\users\\\\kaneko yu\\\\appdata\\\\local\\\\programs\\\\python\\\\python312\\\\python.exe: error while finding module specification for 'jarvis_core.experimental.active_learning.cli' (modulenotfounderror: no module named 'jarvis_core.experimental.active_learning')\\n\" = <built-in method lower of str object at 0x00000158CDEF7750>()",
      " +    where <built-in method lower of str object at 0x00000158CDEF7750> = \"C:\\\\Users\\\\kaneko yu\\\\AppData\\\\Local\\\\Programs\\\\Python\\\\Python312\\\\python.exe: Error while finding module specification for 'jarvis_core.experimental.active_learning.cli' (ModuleNotFoundError: No module named 'jarvis_core.experimental.active_learning')\\n\".lower",
      " +      where \"C:\\\\Users\\\\kaneko yu\\\\AppData\\\\Local\\\\Programs\\\\Python\\\\Python312\\\\python.exe: Error while finding module specification for 'jarvis_core.experimental.active_learning.cli' (ModuleNotFoundError: No module named 'jarvis_core.experimental.active_learning')\\n\" = CompletedProcess(args=['python', '-m', 'jarvis_core.experimental.active_learning.cli', '--help'], returncode=1, stdout='', stderr=\"C:\\\\Users\\\\kaneko yu\\\\AppData\\\\Local\\\\Programs\\\\Python\\\\Python312\\\\python.exe: Error while finding module specification for 'jarvis_core.experimental.active_learning.cli' (ModuleNotFoundError: No module named 'jarvis_core.experimental.active_learning')\\n\").stderr",
      "FAILED tests/test_active_learning.py::TestModuleImports::test_main_imports - ModuleNotFoundError: No module named 'jarvis_core.experimental.active_learning'",
      "FAILED tests/test_external_api_mocks.py::TestWebFetcherMocked::test_fetch_url - ImportError: cannot import name 'WebFetcher' from 'jarvis_core.web_fetcher' (C:\\Users\\kaneko yu\\Documents\\jarvis-work\\jarvis-ml-pipeline\\jarvis_core\\web_fetcher.py). Did you mean: 'web_fetcher'?",
      "FAILED tests/test_grader_coverage.py::TestGraderModule::test_grader_package_import - ModuleNotFoundError: No module named 'jarvis_core.grader'",
      "FAILED tests/test_grader_coverage.py::TestModuleImports::test_imports - ModuleNotFoundError: No module named 'jarvis_core.grader'",
      "FAILED tests/test_grader_ultra.py::TestModule::test_grader_module - ModuleNotFoundError: No module named 'jarvis_core.grader'",
      "FAILED tests/test_phase10_high_impact.py::TestEducationModule::test_import - ImportError: cannot import name 'education' from 'jarvis_core' (C:\\Users\\kaneko yu\\Documents\\jarvis-work\\jarvis-ml-pipeline\\jarvis_core\\__init__.py)",
      "FAILED tests/test_phase10_high_impact.py::TestEducationModule::test_module_functions - ImportError: cannot import name 'education' from 'jarvis_core' (C:\\Users\\kaneko yu\\Documents\\jarvis-work\\jarvis-ml-pipeline\\jarvis_core\\__init__.py)",
      "FAILED tests/test_phase10_high_impact.py::TestRehearsalModule::test_import - ImportError: cannot import name 'rehearsal' from 'jarvis_core' (C:\\Users\\kaneko yu\\Documents\\jarvis-work\\jarvis-ml-pipeline\\jarvis_core\\__init__.py)",
      "FAILED tests/test_phase12_deep.py::TestTimelineDeep::test_import - ImportError: cannot import name 'timeline' from 'jarvis_core' (C:\\Users\\kaneko yu\\Documents\\jarvis-work\\jarvis-ml-pipeline\\jarvis_core\\__init__.py). Did you mean: 'pipelines'?",
      "FAILED tests/test_phase12_deep.py::TestTimelineDeep::test_module_attrs - ImportError: cannot import name 'timeline' from 'jarvis_core' (C:\\Users\\kaneko yu\\Documents\\jarvis-work\\jarvis-ml-pipeline\\jarvis_core\\__init__.py). Did you mean: 'pipelines'?",
      "FAILED tests/test_phase12_deep.py::TestClinicalReadinessDeep::test_import - ImportError: cannot import name 'clinical_readiness' from 'jarvis_core' (C:\\Users\\kaneko yu\\Documents\\jarvis-work\\jarvis-ml-pipeline\\jarvis_core\\__init__.py)",
      "FAILED tests/test_phase12_deep.py::TestLabOptimizerDeep::test_import - ImportError: cannot import name 'lab_optimizer' from 'jarvis_core' (C:\\Users\\kaneko yu\\Documents\\jarvis-work\\jarvis-ml-pipeline\\jarvis_core\\__init__.py)",
      "FAILED tests/test_phase13_maximum.py::TestActiveLearningCLI::test_import - ModuleNotFoundError: No module named 'jarvis_core.experimental.active_learning'",
      "FAILED tests/test_phase16_low_coverage.py::TestFundingCliff::test_import - ImportError: cannot import name 'funding_cliff' from 'jarvis_core' (C:\\Users\\kaneko yu\\Documents\\jarvis-work\\jarvis-ml-pipeline\\jarvis_core\\__init__.py)",
      "FAILED tests/test_phase16_low_coverage.py::TestHeatmap::test_import - ImportError: cannot import name 'heatmap' from 'jarvis_core' (C:\\Users\\kaneko yu\\Documents\\jarvis-work\\jarvis-ml-pipeline\\jarvis_core\\__init__.py)",
      "FAILED tests/test_phase16_low_coverage.py::TestCareerPlanner::test_import - ImportError: cannot import name 'career_planner' from 'jarvis_core' (C:\\Users\\kaneko yu\\Documents\\jarvis-work\\jarvis-ml-pipeline\\jarvis_core\\__init__.py)",
      "FAILED tests/test_phase17_more_low_coverage.py::TestActiveLearningCLI::test_import - ModuleNotFoundError: No module named 'jarvis_core.experimental.active_learning'",
      "FAILED tests/test_phase17_zero_to_hero.py::TestCareerPlannerComplete::test_import - ImportError: cannot import name 'career_planner' from 'jarvis_core' (C:\\Users\\kaneko yu\\Documents\\jarvis-work\\jarvis-ml-pipeline\\jarvis_core\\__init__.py)",
      "FAILED tests/test_phase17_zero_to_hero.py::TestGapAnalysisComplete::test_import - ImportError: cannot import name 'gap_analysis' from 'jarvis_core' (C:\\Users\\kaneko yu\\Documents\\jarvis-work\\jarvis-ml-pipeline\\jarvis_core\\__init__.py)",
      "FAILED tests/test_phase17_zero_to_hero.py::TestPISuccessionComplete::test_import - ImportError: cannot import name 'pi_succession' from 'jarvis_core' (C:\\Users\\kaneko yu\\Documents\\jarvis-work\\jarvis-ml-pipeline\\jarvis_core\\__init__.py)",
      "FAILED tests/test_phase17_zero_to_hero.py::TestStudentPortfolioComplete::test_import - ImportError: cannot import name 'student_portfolio' from 'jarvis_core' (C:\\Users\\kaneko yu\\Documents\\jarvis-work\\jarvis-ml-pipeline\\jarvis_core\\__init__.py)",
      "FAILED tests/test_phase17_zero_to_hero.py::TestReproducibilityCertComplete::test_import - ImportError: cannot import name 'reproducibility_cert' from 'jarvis_core' (C:\\Users\\kaneko yu\\Documents\\jarvis-work\\jarvis-ml-pipeline\\jarvis_core\\__init__.py)",
      "FAILED tests/test_phase17_zero_to_hero.py::TestROIEngineComplete::test_import - ImportError: cannot import name 'roi_engine' from 'jarvis_core' (C:\\Users\\kaneko yu\\Documents\\jarvis-work\\jarvis-ml-pipeline\\jarvis_core\\__init__.py)",
      "FAILED tests/test_phase17_zero_to_hero.py::TestPISupportComplete::test_import - ImportError: cannot import name 'pi_support' from 'jarvis_core' (C:\\Users\\kaneko yu\\Documents\\jarvis-work\\jarvis-ml-pipeline\\jarvis_core\\__init__.py)",
      "FAILED tests/test_phase17_zero_to_hero.py::TestSigmaModulesComplete::test_import - ImportError: cannot import name 'sigma_modules' from 'jarvis_core' (C:\\Users\\kaneko yu\\Documents\\jarvis-work\\jarvis-ml-pipeline\\jarvis_core\\__init__.py)",
      "FAILED tests/test_phase17_zero_to_hero.py::TestFailureSimulatorComplete::test_import - ImportError: cannot import name 'failure_simulator' from 'jarvis_core' (C:\\Users\\kaneko yu\\Documents\\jarvis-work\\jarvis-ml-pipeline\\jarvis_core\\__init__.py)",
      "FAILED tests/test_phase17_zero_to_hero.py::TestParadigmComplete::test_import - ImportError: cannot import name 'paradigm' from 'jarvis_core' (C:\\Users\\kaneko yu\\Documents\\jarvis-work\\jarvis-ml-pipeline\\jarvis_core\\__init__.py)",
      "FAILED tests/test_phase17_zero_to_hero.py::TestCompetingHypothesisComplete::test_import - ImportError: cannot import name 'competing_hypothesis' from 'jarvis_core' (C:\\Users\\kaneko yu\\Documents\\jarvis-work\\jarvis-ml-pipeline\\jarvis_core\\__init__.py)",
      "FAILED tests/test_phase17_zero_to_hero.py::TestLabCultureComplete::test_import - ImportError: cannot import name 'lab_culture' from 'jarvis_core' (C:\\Users\\kaneko yu\\Documents\\jarvis-work\\jarvis-ml-pipeline\\jarvis_core\\__init__.py)",
      "FAILED tests/test_phase17_zero_to_hero.py::TestClinicalReadinessComplete::test_import - ImportError: cannot import name 'clinical_readiness' from 'jarvis_core' (C:\\Users\\kaneko yu\\Documents\\jarvis-work\\jarvis-ml-pipeline\\jarvis_core\\__init__.py)",
      "FAILED tests/test_phase17_zero_to_hero.py::TestLabOptimizerComplete::test_import - ImportError: cannot import name 'lab_optimizer' from 'jarvis_core' (C:\\Users\\kaneko yu\\Documents\\jarvis-work\\jarvis-ml-pipeline\\jarvis_core\\__init__.py)",
      "FAILED tests/test_phase17_zero_to_hero.py::TestGrantOptimizerComplete::test_import - ImportError: cannot import name 'grant_optimizer' from 'jarvis_core' (C:\\Users\\kaneko yu\\Documents\\jarvis-work\\jarvis-ml-pipeline\\jarvis_core\\__init__.py)",
      "FAILED tests/test_phase5_additional.py::TestConstraints::test_import - ModuleNotFoundError: No module named 'jarvis_core.finance'",
      "FAILED tests/test_phase5_medium_priority.py::TestActiveLearningCLI::test_import - ModuleNotFoundError: No module named 'jarvis_core.experimental.active_learning'",
      "FAILED tests/test_phase5_medium_priority.py::TestOptimizationReport::test_import - ModuleNotFoundError: No module named 'jarvis_core.finance'",
      "FAILED tests/test_phase6_coverage.py::TestOptimizationSolver::test_import - ModuleNotFoundError: No module named 'jarvis_core.finance'",
      "FAILED tests/test_phase8_deep.py::TestGapAnalysis::test_import_gap_analysis - ImportError: cannot import name 'gap_analysis' from 'jarvis_core' (C:\\Users\\kaneko yu\\Documents\\jarvis-work\\jarvis-ml-pipeline\\jarvis_core\\__init__.py)",
      "FAILED tests/test_phase8_deep.py::TestGapAnalysis::test_module_has_functions - ImportError: cannot import name 'gap_analysis' from 'jarvis_core' (C:\\Users\\kaneko yu\\Documents\\jarvis-work\\jarvis-ml-pipeline\\jarvis_core\\__init__.py)",
      "FAILED tests/test_phase8_deep.py::TestPISuccession::test_import - ImportError: cannot import name 'pi_succession' from 'jarvis_core' (C:\\Users\\kaneko yu\\Documents\\jarvis-work\\jarvis-ml-pipeline\\jarvis_core\\__init__.py)",
      "FAILED tests/test_phase8_deep.py::TestStudentPortfolio::test_import - ImportError: cannot import name 'student_portfolio' from 'jarvis_core' (C:\\Users\\kaneko yu\\Documents\\jarvis-work\\jarvis-ml-pipeline\\jarvis_core\\__init__.py)"
    ],
    "attribute_error": [
      "E   AttributeError: module 'jarvis_core.api.arxiv' has no attribute 'requests'",
      "C:\\Users\\kaneko yu\\AppData\\Local\\Programs\\Python\\Python312\\Lib\\pkgutil.py:528: AttributeError: module 'jarvis_core.api.arxiv' has no attribute 'requests'",
      "E   AttributeError: module 'jarvis_core.api.arxiv' has no attribute 'requests'",
      "C:\\Users\\kaneko yu\\AppData\\Local\\Programs\\Python\\Python312\\Lib\\pkgutil.py:528: AttributeError: module 'jarvis_core.api.arxiv' has no attribute 'requests'",
      "E   AttributeError: 'dict' object has no attribute 'lower'",
      "C:\\Users\\kaneko yu\\Documents\\jarvis-work\\jarvis-ml-pipeline\\jarvis_core\\contradiction\\detector.py:63: AttributeError: 'dict' object has no attribute 'lower'",
      "E   AttributeError: 'dict' object has no attribute 'lower'",
      "C:\\Users\\kaneko yu\\Documents\\jarvis-work\\jarvis-ml-pipeline\\jarvis_core\\contradiction\\detector.py:63: AttributeError: 'dict' object has no attribute 'lower'",
      "E   AttributeError: 'UnpaywallClient' object has no attribute 'email'. Did you mean: '_email'?",
      "C:\\Users\\kaneko yu\\Documents\\jarvis-work\\jarvis-ml-pipeline\\tests\\test_detailed_logic.py:363: AttributeError: 'UnpaywallClient' object has no attribute 'email'. Did you mean: '_email'?",
      "E   AttributeError: 'UnpaywallClient' object has no attribute 'find_open_access'",
      "C:\\Users\\kaneko yu\\Documents\\jarvis-work\\jarvis-ml-pipeline\\tests\\test_external_api_mocks.py:240: AttributeError: 'UnpaywallClient' object has no attribute 'find_open_access'",
      "FAILED tests/test_api_coverage.py::TestArxivAPI::test_search - AttributeError: module 'jarvis_core.api.arxiv' has no attribute 'requests'",
      "FAILED tests/test_arxiv_coverage.py::TestArxivClient::test_get_paper - AttributeError: module 'jarvis_core.api.arxiv' has no attribute 'requests'",
      "FAILED tests/test_contradiction_detector_massive.py::TestDetection::test_detect_pair - AttributeError: 'dict' object has no attribute 'lower'",
      "FAILED tests/test_contradiction_detector_massive.py::TestDetection::test_detect_many - AttributeError: 'dict' object has no attribute 'lower'",
      "FAILED tests/test_detailed_logic.py::TestUnpaywallClient::test_import_and_init - AttributeError: 'UnpaywallClient' object has no attribute 'email'. Did you mean: '_email'?",
      "FAILED tests/test_external_api_mocks.py::TestUnpaywallClientMocked::test_find_open_access_not_oa - AttributeError: 'UnpaywallClient' object has no attribute 'find_open_access'"
    ],
    "type_error": [
      "E   TypeError: Claim.__init__() got an unexpected keyword argument 'source'",
      "C:\\Users\\kaneko yu\\Documents\\jarvis-work\\jarvis-ml-pipeline\\tests\\test_claim_set_full.py:22: TypeError: Claim.__init__() got an unexpected keyword argument 'source'",
      "FAILED tests/test_claim_set_full.py::TestClaim::test_claim_creation - TypeError: Claim.__init__() got an unexpected keyword argument 'source'"
    ],
    "assertion_error": [
      "E   AssertionError: Missing API map keys: ['decision_simulate', 'finance_download', 'finance_optimize', 'finance_simulate', 'job_detail', 'job_events', 'jobs', 'qa_report', 'research_paper', 'research_rank', 'run_detail', 'run_file_get', 'run_files', 'run_manifest', 'submission_build', 'submission_latest', 'upload_zip']",
      "C:\\Users\\kaneko yu\\Documents\\jarvis-work\\jarvis-ml-pipeline\\tests\\test_front_adapter_contract.py:28: AssertionError: Missing API map keys: ['decision_simulate', 'finance_download', 'finance_optimize', 'finance_simulate', 'job_detail', 'job_events', 'jobs', 'qa_report', 'research_paper', 'research_rank', 'run_detail', 'run_file_get', 'run_files', 'run_manifest', 'submission_build', 'submission_latest', 'upload_zip']",
      "E   AssertionError: assert 1 == 2",
      "C:\\Users\\kaneko yu\\Documents\\jarvis-work\\jarvis-ml-pipeline\\tests\\test_phase15_high_lines.py:335: AssertionError: assert 1 == 2",
      "E   AssertionError: assert 'Unknown' == 'Full Text'",
      "C:\\Users\\kaneko yu\\Documents\\jarvis-work\\jarvis-ml-pipeline\\tests\\test_phase16_low_coverage.py:163: AssertionError: assert 'Unknown' == 'Full Text'",
      "E   AssertionError: assert 'Unknown' == 'Full Text'",
      "C:\\Users\\kaneko yu\\Documents\\jarvis-work\\jarvis-ml-pipeline\\tests\\test_phase18_ingestion_complete.py:104: AssertionError: assert 'Unknown' == 'Full Text'",
      "E   AssertionError: assert 1 > 50",
      "C:\\Users\\kaneko yu\\Documents\\jarvis-work\\jarvis-ml-pipeline\\tests\\test_phase19_edge_cases.py:81: AssertionError: assert 1 > 50",
      "E   AssertionError: assert False",
      "C:\\Users\\kaneko yu\\Documents\\jarvis-work\\jarvis-ml-pipeline\\tests\\test_phase4_high_priority.py:61: AssertionError: assert False",
      "E   AssertionError: assert 1 == 2",
      "C:\\Users\\kaneko yu\\Documents\\jarvis-work\\jarvis-ml-pipeline\\tests\\test_phase4_high_priority.py:187: AssertionError: assert 1 == 2",
      "E   AssertionError: assert 1 == 3",
      "C:\\Users\\kaneko yu\\Documents\\jarvis-work\\jarvis-ml-pipeline\\tests\\test_phase7_functional.py:388: AssertionError: assert 1 == 3",
      "FAILED tests/test_front_adapter_contract.py::test_adapter_manifest_matches_api_map - AssertionError: Missing API map keys: ['decision_simulate', 'finance_download', 'finance_optimize', 'finance_simulate', 'job_detail', 'job_events', 'jobs', 'qa_report', 'research_paper', 'research_rank', 'run_detail', 'run_file_get', 'run_files', 'run_manifest', 'submission_build', 'submission_latest', 'upload_zip']",
      "FAILED tests/test_phase15_high_lines.py::TestRISBibTeXFunctional::test_ris_parser_multiple - AssertionError: assert 1 == 2",
      "FAILED tests/test_phase16_low_coverage.py::TestTextChunker::test_detect_sections_no_headers - AssertionError: assert 'Unknown' == 'Full Text'",
      "FAILED tests/test_phase18_ingestion_complete.py::TestTextChunkerComplete::test_detect_sections_no_headers - AssertionError: assert 'Unknown' == 'Full Text'",
      "FAILED tests/test_phase19_edge_cases.py::TestEdgeCasesLarge::test_chunk_large_text - AssertionError: assert 1 > 50",
      "FAILED tests/test_phase4_high_priority.py::TestNoteGeneratorHelpers::test_extract_locator - AssertionError: assert False",
      "FAILED tests/test_phase4_high_priority.py::TestRISParser::test_parse_multiple_entries - AssertionError: assert 1 == 2",
      "FAILED tests/test_phase7_functional.py::TestRISBibTeXFunctional::test_ris_parser_multiple_entries - AssertionError: assert 1 == 3"
    ],
    "file_not_found": [
      "E   FileNotFoundError: Run directory not found: C:\\Users\\Public\\Documents\\Wondershare\\CreatorTemp\\tmpyeb77mb4\\runs\\nonexistent_run",
      "C:\\Users\\kaneko yu\\Documents\\jarvis-work\\jarvis-ml-pipeline\\jarvis_core\\notes\\note_generator.py:243: FileNotFoundError: Run directory not found: C:\\Users\\Public\\Documents\\Wondershare\\CreatorTemp\\tmpyeb77mb4\\runs\\nonexistent_run",
      "FAILED tests/test_phase4_high_priority.py::TestGenerateNotes::test_generate_notes_missing_dir - FileNotFoundError: Run directory not found: C:\\Users\\Public\\Documents\\Wondershare\\CreatorTemp\\tmpyeb77mb4\\runs\\nonexistent_run"
    ]
  },
  "fix_plan": {
    "priority_1_quick_fixes": [
      "Check missing dependencies in pyproject.toml",
      "Add conditional imports for optional dependencies",
      "Fix circular imports"
    ],
    "priority_2_mock_fixes": [],
    "priority_3_logic_fixes": [],
    "priority_4_skip_candidates": []
  },
  "raw_output_snippet": "============================= test session starts =============================\nplatform win32 -- Python 3.12.3, pytest-9.0.2, pluggy-1.6.0 -- C:\\Users\\kaneko yu\\Documents\\jarvis-work\\jarvis-ml-pipeline\\.venv\\Scripts\\python.exe\ncachedir: .pytest_cache\nrootdir: C:\\Users\\kaneko yu\\Documents\\jarvis-work\\jarvis-ml-pipeline\nconfigfile: pytest.ini (WARNING: ignoring pytest config in pyproject.toml!)\nplugins: anyio-4.12.0, asyncio-1.3.0, base-url-2.1.0, cov-7.0.0, playwright-0.7.2, xdist-3.8.0\nasyncio: mode=Mode.STRICT, debug=False, asyncio_default_fixture_loop_scope=None, asyncio_default_test_loop_scope=function\ncollecting ... collected 6276 items\n\ntests/auth/test_rate_limiting.py::test_sliding_window_rate_limiting PASSED [  0%]\ntests/auth/test_rate_limiting.py::test_bucket_accumulation PASSED        [  0%]\ntests/cache/test_incremental_update.py::test_pipeline_cache_hit_miss PASSED [  0%]\ntests/cache/test_incremental_update.py::test_file_hash_integration PASSED [  0%]\ntests/chunking/test_chunk_id_deterministic.py::test_chunk_id_deterministic PASSED [  0%]\ntests/chunking/test_chunk_id_deterministic.py::test_chunker_deduplication PASSED [  0%]\ntests/chunking/test_chunk_id_deterministic.py::test_sectionizer_basic PASSED [  0%]\ntests/citation/test_influence.py::test_influence_score_calculation PASSED [  0%]\ntests/citation/test_influence.py::test_rank_papers_by_influence PASSED   [  0%]\ntests/citation/test_influence.py::test_empty_citations PASSED            [  0%]\ntests/cli/test_offline_flag.py::test_offline_flag_sets_degradation_level PASSED [  0%]\ntests/cli/test_offline_flag.py::test_offline_env_var_sets_degradation_level PASSED [  0%]\ntests/cli/test_offline_flag.py::test_no_offline_flag PASSED              [  0%]\ntests/compliance/test_license_filter.py::test_license_parsing PASSED     [  0%]\ntests/compliance/test_license_filter.py::test_license_filtering PASSED   [  0%]\ntests/compliance/test_license_filter.py::test_custom_allowlist PASSED    [  0%]\ntests/contradiction/test"
}